[]  Dendrochronology Program Library                                        Run COR    Program COF  13:09  Fri 18 Nov 2016  Page   1
[]
[]  P R O G R A M      C O F E C H A                                                                          Version 6.06P    29909
------------------------------------------------------------------------------------------------------------------------------------

 QUALITY CONTROL AND DATING CHECK OF TREE-RING MEASUREMENTS

 Title of run:           COR                                     

 File of DATED series:   COR.rwl

 CONTENTS:

    Part 1:  Title page, options selected, summary, absent rings by series
    Part 2:  Histogram of time spans
    Part 3:  Master series with sample depth and absent rings by year
    Part 4:  Bar plot of Master Dating Series
    Part 5:  Correlation by segment of each series with Master
    Part 6:  Potential problems: low correlation, divergent year-to-year changes, absent rings, outliers
    Part 7:  Descriptive statistics

 RUN CONTROL OPTIONS SELECTED                             VALUE

         1  Cubic smoothing spline 50% wavelength cutoff for filtering
                                                            32 years
         2  Segments examined are                           50 years lagged successively by  25 years
         3  Autoregressive model applied                     A  Residuals are used in master dating series and testing
         4  Series transformed to logarithms                 Y  Each series log-transformed for master dating series and testing
         5  CORRELATION is Pearson (parametric, quantitative)
            Critical correlation, 99% confidence level   .3281
         6  Master dating series saved                       N
         7  Ring measurements listed                         N
         8  Parts printed                              1234567 
         9  Absent rings are omitted from master series and segment correlations  (Y)

 Time span of Master dating series is  1844 to  2016   173 years
 Continuous time span is               1844 to  2016   173 years
 Portion with two or more series is    1853 to  2016   164 years


                                        ****************************************
                                        *C* Number of dated series        12 *C*
                                        *O* Master series 1844 2016  173 yrs *O*
                                        *F* Total rings in all series   1571 *F*
                                        *E* Total dated rings checked   1562 *E*
                                        *C* Series intercorrelation     .675 *C*
                                        *H* Average mean sensitivity    .233 *H*
                                        *A* Segments, possible problems    1 *A*
                                        *** Mean length of series      130.9 ***
                                        ****************************************

 ABSENT RINGS listed by SERIES:            (See Master Dating Series for absent rings listed by year)

               No ring measurements of zero value
PART 2:  TIME PLOT OF TREE-RING SERIES: COR                                                        13:09  Fri 18 Nov 2016  Page   2
------------------------------------------------------------------------------------------------------------------------------------
 1050 1100 1150 1200 1250 1300 1350 1400 1450 1500 1550 1600 1650 1700 1750 1800 1850 1900 1950 2000 2050 Ident   Seq Time-span  Yrs
   :    :    :    :    :    :    :    :    :    :    :    :    :    :    :    :    :    :    :    :    : -------- --- ---- ---- ----
   .    .    .    .    .    .    .    .    .    .    .    .    .    .    .    .    .    .<=========>   . COR197     1 1914 2016  103
   .    .    .    .    .    .    .    .    .    .    .    .    .    .    .    .    .  <============>   . COR190     2 1885 2016  132
   .    .    .    .    .    .    .    .    .    .    .    .    .    .    .    .    . <=============>   . COR191     3 1876 2016  141
   .    .    .    .    .    .    .    .    .    .    .    .    .    .    .    .    .    <==========>   . COR192     4 1904 2016  113
   .    .    .    .    .    .    .    .    .    .    .    .    .    .    .    .    .  <============>   . COR193     5 1883 2016  134
   .    .    .    .    .    .    .    .    .    .    .    .    .    .    .    .    <===============>   . COR194     6 1853 2016  164
   .    .    .    .    .    .    .    .    .    .    .    .    .    .    .    .    .    <==========>   . COR195     7 1904 2016  113
   .    .    .    .    .    .    .    .    .    .    .    .    .    .    .    .   <================>   . COR196     8 1844 2016  173
   .    .    .    .    .    .    .    .    .    .    .    .    .    .    .    .    .  <============>   . COR198     9 1882 2016  135
   .    .    .    .    .    .    .    .    .    .    .    .    .    .    .    .    .   <===========>   . COR199    10 1898 2016  119
   .    .    .    .    .    .    .    .    .    .    .    .    .    .    .    .    .    <==========>   . COR19A    11 1908 2016  109
   .    .    .    .    .    .    .    .    .    .    .    .    .    .    .    .    .  <============>   . COR19B    12 1882 2016  135
   :    :    :    :    :    :    :    :    :    :    :    :    :    :    :    :    :    :    :    :    :
 1050 1100 1150 1200 1250 1300 1350 1400 1450 1500 1550 1600 1650 1700 1750 1800 1850 1900 1950 2000 2050
PART 3:  Master Dating Series: COR                                                                 13:09  Fri 18 Nov 2016  Page   3
------------------------------------------------------------------------------------------------------------------------------------
  Year  Value  No Ab    Year  Value  No Ab    Year  Value  No Ab    Year  Value  No Ab    Year  Value  No Ab    Year  Value  No Ab
  ------------------    ------------------    ------------------    ------------------    ------------------    ------------------
                        1850   .591   1       1900  -.294   8       1950   .791  12       2000  1.491  12
                        1851  1.700   1       1901  -.549   8       1951  1.101  12       2001   .939  12
                        1852  -.827   1       1902   .842   8       1952   .153  12       2002  -.506  12
                        1853  -.504   2       1903   .810   8       1953   .167  12       2003   .511  12
                        1854  -.552   2       1904   .482  10       1954   .128  12       2004  -.064  12
                        1855  -.841   2       1905   .256  10       1955  -.243  12       2005 -1.497  12
                        1856 -1.015   2       1906  -.410  10       1956  -.002  12       2006 -1.706  12
                        1857  -.738   2       1907   .670  10       1957  -.448  12       2007  -.582  12
                        1858 -2.663   2       1908   .674  11       1958  1.136  12       2008   .601  12
                        1859  -.159   2       1909  -.303  11       1959   .630  12       2009   .427  12

                        1860  1.281   2       1910 -1.030  11       1960   .175  12       2010  1.115  12
                        1861  1.449   2       1911 -1.051  11       1961   .272  12       2011   .983  12
                        1862  2.298   2       1912  1.472  11       1962   .660  12       2012 -1.091  12
                        1863  1.025   2       1913  1.139  11       1963   .112  12       2013   .227  12
                        1864   .753   2       1914  1.020  12       1964  1.161  12       2014   .138  12
                        1865   .571   2       1915  1.729  12       1965  -.186  12       2015   .799  12
                        1866  -.827   2       1916  1.129  12       1966 -1.018  12       2016  -.722  12
                        1867  1.256   2       1917  -.175  12       1967   .198  12
                        1868  -.147   2       1918 -1.339  12       1968  -.111  12
                        1869   .477   2       1919 -1.674  12       1969  1.501  12

                        1870 -1.296   2       1920 -1.071  12       1970  -.322  12
                        1871  -.748   2       1921  -.938  12       1971  -.661  12
                        1872  -.120   2       1922  -.444  12       1972  1.171  12
                        1873  -.419   2       1923  -.580  12       1973   .050  12
                        1874 -1.650   2       1924   .793  12       1974  -.659  12
                        1875  -.125   2       1925   .495  12       1975  -.206  12
                        1876  -.007   3       1926  1.176  12       1976  -.464  12
                        1877  -.181   3       1927   .737  12       1977 -1.048  12
                        1878 -1.366   3       1928   .743  12       1978   .420  12
                        1879   .270   3       1929   .746  12       1979  -.468  12

                        1880   .744   3       1930  1.005  12       1980  1.703  12
                        1881  2.378   3       1931  -.072  12       1981  -.240  12
                        1882  1.426   5       1932   .285  12       1982  1.366  12
                        1883   .005   6       1933  -.430  12       1983   .691  12
                        1884   .531   6       1934 -4.229  12       1984  -.361  12
                        1885   .908   7       1935   .271  12       1985  -.966  12
                        1886   .113   7       1936  -.410  12       1986  -.653  12
                        1887  -.581   7       1937  -.112  12       1987   .011  12
                        1888  -.280   7       1938   .651  12       1988 -1.641  12
                        1889   .618   7       1939  -.090  12       1989 -1.342  12

                        1890   .275   7       1940  -.905  12       1990  1.411  12
                        1891   .625   7       1941   .105  12       1991   .135  12
                        1892  -.730   7       1942  1.686  12       1992   .130  12
                        1893 -2.062   7       1943   .139  12       1993  1.744  12
  1844  1.756   1       1894 -2.144   7       1944  -.512  12       1994  -.102  12
  1845 -1.411   1       1895 -1.563   7       1945   .317  12       1995  -.545  12
  1846  -.442   1       1896  -.072   7       1946 -1.254  12       1996  -.494  12
  1847  -.540   1       1897  -.323   7       1947  -.891  12       1997 -1.027  12
  1848   .775   1       1898 -1.126   8       1948 -2.604  12       1998   .874  12
  1849  1.014   1       1899 -1.564   8       1949  -.237  12       1999   .663  12
------------------------------------------------------------------------------------------------------------------------------------
PART 4:  Master Bar Plot: COR                                                                      13:09  Fri 18 Nov 2016  Page   4
------------------------------------------------------------------------------------------------------------------------------------
   Year Rel value  Year Rel value  Year Rel value  Year Rel value  Year Rel value  Year Rel value  Year Rel value  Year Rel value
                   1850-------B    1900----a       1950--------C   2000----------F
                   1851----------G 1901---b        1951---------D  2001--------D
                   1852--c         1902--------C   1952------A     2002---b
                   1853---b        1903--------C   1953------A     2003-------B
                   1854--b         1904-------B    1954------A     2004-----@
                   1855--c         1905------A     1955----a       2005f
                   1856-d          1906---b        1956-----@      2006g
                   1857--c         1907-------C    1957---b        2007--b
                   1858k           1908-------C    1958---------E  2008-------B
                   1859----a       1909----a       1959-------C    2009-------B
                   1860---------E  1910-d          1960------A     2010---------D
                   1861----------F 1911-d          1961------A     2011---------D
                   1862----------I 1912----------F 1962-------C    2012-d
                   1863---------D  1913---------E  1963-----@      2013------A
                   1864--------C   1914---------D  1964---------E  2014------A
                   1865-------B    1915----------G 1965----a       2015--------C
                   1866--c         1916---------E  1966-d          2016--c
                   1867---------E  1917----a       1967------A
                   1868----a       1918e           1968----@
                   1869-------B    1919g           1969----------F
                   1870-e          1920-d          1970---a
                   1871--c         1921-d          1971--c
                   1872----@       1922---b        1972---------E
                   1873---b        1923--b         1973-----@
                   1874g           1924--------C   1974--c
                   1875----@       1925-------B    1975----a
                   1876-----@      1926---------E  1976---b
                   1877----a       1927--------C   1977-d
                   1878e           1928--------C   1978-------B
                   1879------A     1929--------C   1979---b
                   1880--------C   1930---------D  1980----------G
                   1881----------J 1931-----@      1981----a
                   1882----------F 1932------A     1982---------E
                   1883-----@      1933---b        1983--------C
                   1884-------B    1934q           1984---a
                   1885--------D   1935------A     1985-d
                   1886------@     1936---b        1986--c
                   1887--b         1937----@       1987-----@
                   1888----a       1938-------C    1988g
                   1889-------B    1939-----@      1989e
                   1890------A     1940-d          1990----------F
                   1891-------C    1941-----@      1991------A
                   1892--c         1942----------G 1992------A
                   1893h           1943------A     1993----------G
   1844----------G 1894i           1944---b        1994----@
   1845f           1895f           1945------A     1995---b
   1846---b        1896-----@      1946-e          1996---b
   1847---b        1897---a        1947-d          1997-d
   1848--------C   1898-e          1948j           1998--------C
   1849---------D  1899f           1949----a       1999-------C
PART 5:  CORRELATION OF SERIES BY SEGMENTS: COR                                                    13:09  Fri 18 Nov 2016  Page   5
------------------------------------------------------------------------------------------------------------------------------------
 Correlations of  50-year dated segments, lagged  25 years
 Flags:  A = correlation under   .3281 but highest as dated;  B = correlation higher at other than dated position

 Seq Series  Time_span   1850 1875 1900 1925 1950 1975
                         1899 1924 1949 1974 1999 2024
 --- -------- ---------  ---- ---- ---- ---- ---- ---- ---- ---- ---- ---- ---- ---- ---- ---- ---- ---- ---- ---- ---- ----
   1 COR197   1914 2016             .77  .82  .74  .67
   2 COR190   1885 2016        .87  .80  .76  .75  .76
   3 COR191   1876 2016        .71  .77  .68  .65  .80
   4 COR192   1904 2016             .78  .74  .72  .77
   5 COR193   1883 2016        .54  .81  .70  .63  .70
   6 COR194   1853 2016   .38  .52  .81  .65  .29B .45
   7 COR195   1904 2016             .75  .57  .43  .55
   8 COR196   1844 2016   .41  .57  .76  .66  .50  .54
   9 COR198   1882 2016        .79  .83  .75  .65  .68
  10 COR199   1898 2016        .86  .86  .79  .63  .69
  11 COR19A   1908 2016             .88  .79  .57  .72
  12 COR19B   1882 2016        .70  .63  .47  .61  .71
 Av segment correlation   .39  .70  .79  .70  .60  .67
PART 6:  POTENTIAL PROBLEMS: COR                                                                   13:09  Fri 18 Nov 2016  Page   5
------------------------------------------------------------------------------------------------------------------------------------

 For each series with potential problems the following diagnostics may appear:

 [A] Correlations with master dating series of flagged  50-year segments of series filtered with  32-year spline,
     at every point from ten years earlier (-10) to ten years later (+10) than dated

 [B] Effect of those data values which most lower or raise correlation with master series
     Symbol following year indicates value in series is greater (>) or lesser (<) than master series value

 [C] Year-to-year changes very different from the mean change in other series

 [D] Absent rings (zero values)

 [E] Values which are statistical outliers from mean for the year
====================================================================================================================================

 COR197    1914 to  2016     103 years                                                                                    Series   1

 [B] Entire series, effect on correlation (  .732) is:
       Lower   1931> -.013   2015< -.011   2002> -.008   1943> -.008   1914< -.008   1981> -.007  Higher   1934  .080   1948  .016

====================================================================================================================================

 COR190    1885 to  2016     132 years                                                                                    Series   2

 [B] Entire series, effect on correlation (  .753) is:
       Lower   1952< -.022   1938< -.022   1946> -.011   1944> -.008   2001> -.008   1986> -.007  Higher   1934  .054   1948  .009

====================================================================================================================================

 COR191    1876 to  2016     141 years                                                                                    Series   3

 [B] Entire series, effect on correlation (  .721) is:
       Lower   1952< -.030   1986> -.010   1878< -.009   1938< -.009   1900< -.007   1879< -.007  Higher   1934  .019   1948  .009

====================================================================================================================================

 COR192    1904 to  2016     113 years                                                                                    Series   4

 [B] Entire series, effect on correlation (  .747) is:
       Lower   1936< -.017   1963< -.014   1986> -.009   1970> -.006   1943< -.006   1998< -.006  Higher   1934  .039   1948  .014

 [E] Outliers     1   3.0 SD above or -4.5 SD below mean for year
       2000 +3.0 SD
====================================================================================================================================

 COR193    1883 to  2016     134 years                                                                                    Series   5

 [B] Entire series, effect on correlation (  .670) is:
       Lower   1886> -.025   1948> -.015   1940< -.014   1889< -.012   2009< -.012   1962< -.010  Higher   1934  .097   1980  .008

 [E] Outliers     2   3.0 SD above or -4.5 SD below mean for year
       1886 +3.7 SD;    1948 +3.1 SD
====================================================================================================================================

 COR194    1853 to  2016     164 years                                                                                    Series   6

 [A] Segment   High   -10   -9   -8   -7   -6   -5   -4   -3   -2   -1   +0   +1   +2   +3   +4   +5   +6   +7   +8   +9  +10
    ---------  ----   ---  ---  ---  ---  ---  ---  ---  ---  ---  ---  ---  ---  ---  ---  ---  ---  ---  ---  ---  ---  ---
    1950 1999    7    .17 -.05  .17  .12 -.08 -.06  .07  .11 -.26 -.07  .29|-.29  .06  .14 -.12  .04 -.25  .32* .08 -.28  .18

 [B] Entire series, effect on correlation (  .514) is:
       Lower   1866< -.026   1886< -.023   1981< -.014   1870> -.010   1899> -.010   1958< -.010  Higher   1934  .070   1893  .011
     1950 to 1999 segment:
       Lower   1965> -.030   1958< -.030   1973> -.026   1985> -.020   1966> -.018   1982< -.017  Higher   1993  .036   1990  .033

 [E] Outliers     6   3.0 SD above or -4.5 SD below mean for year
       1871 +3.9 SD;    1886 -4.6 SD;    1899 +3.1 SD;    1966 +3.3 SD;    1973 +3.3 SD;    2010 +3.1 SD
====================================================================================================================================

 COR195    1904 to  2016     113 years                                                                                    Series   7

 [B] Entire series, effect on correlation (  .625) is:
       Lower   1952> -.020   1972< -.014   1963> -.014   1973< -.013   1974> -.012   1971> -.010  Higher   1934  .090   1948  .021

 [E] Outliers     1   3.0 SD above or -4.5 SD below mean for year
       1952 +3.4 SD
====================================================================================================================================

 COR196    1844 to  2016     173 years                                                                                    Series   8

 [*] Early part of series cannot be checked from 1844 to 1852 -- not matched by another series

 [B] Entire series, effect on correlation (  .540) is:
       Lower   1866> -.034   1981< -.020   1899> -.020   1959< -.010   1986< -.010   1871< -.007  Higher   1934  .049   1948  .013

 [E] Outliers     3   3.0 SD above or -4.5 SD below mean for year
       1866 +3.9 SD;    1899 +4.1 SD;    2010 +3.2 SD
====================================================================================================================================

 COR198    1882 to  2016     135 years                                                                                    Series   9

 [B] Entire series, effect on correlation (  .745) is:
       Lower   2016> -.017   1886> -.011   1971< -.011   1981> -.008   1964< -.005   1992< -.005  Higher   1934  .033   1893  .007

 [E] Outliers     1   3.0 SD above or -4.5 SD below mean for year
       2016 +3.1 SD
====================================================================================================================================

 COR199    1898 to  2016     119 years                                                                                    Series  10

 [B] Entire series, effect on correlation (  .764) is:
       Lower   1981> -.014   1973< -.014   1928< -.011   1899< -.008   1961< -.007   1995> -.007  Higher   1934  .071   1912  .006

====================================================================================================================================

 COR19A    1908 to  2016     109 years                                                                                    Series  11

 [B] Entire series, effect on correlation (  .759) is:
       Lower   1960< -.051   2016> -.019   1981> -.012   1944< -.008   2000< -.005   1943> -.004  Higher   1934  .087   1948  .011

====================================================================================================================================

 COR19B    1882 to  2016     135 years                                                                                    Series  12

 [B] Entire series, effect on correlation (  .634) is:
       Lower   1934> -.036   1970< -.025   1930< -.014   1940> -.011   1987< -.008   1965< -.008  Higher   1893  .010   1980  .008

 [E] Outliers     1   3.0 SD above or -4.5 SD below mean for year
       1940 +3.1 SD
====================================================================================================================================
PART 7:  DESCRIPTIVE STATISTICS: COR                                                               13:09  Fri 18 Nov 2016  Page   6
------------------------------------------------------------------------------------------------------------------------------------

                                                Corr   //-------- Unfiltered --------\\  //---- Filtered -----\\
                           No.    No.    No.    with   Mean   Max     Std   Auto   Mean   Max     Std   Auto  AR
 Seq Series   Interval   Years  Segmt  Flags   Master  msmt   msmt    dev   corr   sens  value    dev   corr  ()
 --- -------- ---------  -----  -----  -----   ------ -----  -----  -----  -----  -----  -----  -----  -----  --
   1 COR197   1914 2016    103      4      0    .732   1.65   4.71   .676   .845   .157   2.57   .410  -.038   1
   2 COR190   1885 2016    132      5      0    .753   1.74   5.07   .781   .643   .265   2.76   .415   .019   1
   3 COR191   1876 2016    141      5      0    .721   1.82   8.43  1.068   .630   .277   3.13   .550   .027   1
   4 COR192   1904 2016    113      4      0    .747   2.02   5.60   .905   .597   .279   3.07   .504   .024   1
   5 COR193   1883 2016    134      5      0    .670   1.43   4.62   .675   .702   .211   2.54   .331  -.035   1
   6 COR194   1853 2016    164      6      1    .514   1.41   3.73   .727   .859   .211   2.88   .433  -.046   1
   7 COR195   1904 2016    113      4      0    .625   2.25   5.81   .703   .426   .232   2.78   .440   .079   1
   8 COR196   1844 2016    173      6      0    .540   1.26   3.29   .613   .785   .230   2.94   .420  -.043   1
   9 COR198   1882 2016    135      5      0    .745   1.72   4.07   .743   .719   .244   2.84   .499   .105   1
  10 COR199   1898 2016    119      5      0    .764   1.74   3.98   .611   .649   .204   2.54   .371   .041   1
  11 COR19A   1908 2016    109      4      0    .759   1.81   5.07   .833   .709   .225   2.50   .338   .010   1
  12 COR19B   1882 2016    135      5      0    .634   1.77   3.60   .605   .613   .245   2.59   .434   .005   1
 --- -------- ---------  -----  -----  -----   ------ -----  -----  -----  -----  -----  -----  -----  -----  --
 Total or mean:           1571     58      1    .675   1.69   8.43   .742   .688   .233   3.13   .430   .010

                                              - = [  COFECHA COR  COF  ] = -
