[]  Dendrochronology Program Library                                        Run ENG    Program COF  15:50  Mon 19 Dec 2016  Page   1
[]
[]  P R O G R A M      C O F E C H A                                                                          Version 6.06P    29940
------------------------------------------------------------------------------------------------------------------------------------

 QUALITY CONTROL AND DATING CHECK OF TREE-RING MEASUREMENTS

 Title of run:           ENG                                     

 File of DATED series:   ENG.rwl

 CONTENTS:

    Part 1:  Title page, options selected, summary, absent rings by series
    Part 2:  Histogram of time spans
    Part 3:  Master series with sample depth and absent rings by year
    Part 4:  Bar plot of Master Dating Series
    Part 5:  Correlation by segment of each series with Master
    Part 6:  Potential problems: low correlation, divergent year-to-year changes, absent rings, outliers
    Part 7:  Descriptive statistics

 RUN CONTROL OPTIONS SELECTED                             VALUE

         1  Cubic smoothing spline 50% wavelength cutoff for filtering
                                                            32 years
         2  Segments examined are                           50 years lagged successively by  25 years
         3  Autoregressive model applied                     A  Residuals are used in master dating series and testing
         4  Series transformed to logarithms                 Y  Each series log-transformed for master dating series and testing
         5  CORRELATION is Pearson (parametric, quantitative)
            Critical correlation, 99% confidence level   .3281
         6  Master dating series saved                       N
         7  Ring measurements listed                         N
         8  Parts printed                              1234567 
         9  Absent rings are omitted from master series and segment correlations  (Y)

 Time span of Master dating series is  1934 to  2015    82 years
 Continuous time span is               1934 to  2015    82 years
 Portion with two or more series is    1936 to  2015    80 years


                                        ****************************************
                                        *C* Number of dated series        16 *C*
                                        *O* Master series 1934 2015   82 yrs *O*
                                        *F* Total rings in all series   1089 *F*
                                        *E* Total dated rings checked   1087 *E*
                                        *C* Series intercorrelation     .571 *C*
                                        *H* Average mean sensitivity    .184 *H*
                                        *A* Segments, possible problems    7 *A*
                                        *** Mean length of series       68.1 ***
                                        ****************************************

 ABSENT RINGS listed by SERIES:            (See Master Dating Series for absent rings listed by year)

               No ring measurements of zero value
PART 2:  TIME PLOT OF TREE-RING SERIES: ENG                                                        15:50  Mon 19 Dec 2016  Page   2
------------------------------------------------------------------------------------------------------------------------------------
 1050 1100 1150 1200 1250 1300 1350 1400 1450 1500 1550 1600 1650 1700 1750 1800 1850 1900 1950 2000 2050 Ident   Seq Time-span  Yrs
   :    :    :    :    :    :    :    :    :    :    :    :    :    :    :    :    :    :    :    :    : -------- --- ---- ---- ----
   .    .    .    .    .    .    .    .    .    .    .    .    .    .    .    .    .    .  <=======>   . ENG1a1     1 1939 2015   77
   .    .    .    .    .    .    .    .    .    .    .    .    .    .    .    .    .    .    <=====>   . ENG1b1     2 1953 2015   63
   .    .    .    .    .    .    .    .    .    .    .    .    .    .    .    .    .    .   <======>   . ENG1c1     3 1942 2015   74
   .    .    .    .    .    .    .    .    .    .    .    .    .    .    .    .    .    .   <======>   . ENG2b1     4 1949 2015   67
   .    .    .    .    .    .    .    .    .    .    .    .    .    .    .    .    .    .    <=====>   . ENG3a1     5 1954 2015   62
   .    .    .    .    .    .    .    .    .    .    .    .    .    .    .    .    .    .    .<====>   . ENG3b1     6 1962 2015   54
   .    .    .    .    .    .    .    .    .    .    .    .    .    .    .    .    .    .    <=====>   . ENG3c1     7 1953 2015   63
   .    .    .    .    .    .    .    .    .    .    .    .    .    .    .    .    .    .    <=====>   . ENG4a1     8 1954 2015   62
   .    .    .    .    .    .    .    .    .    .    .    .    .    .    .    .    .    .  <=======>   . ENG4b1     9 1939 2015   77
   .    .    .    .    .    .    .    .    .    .    .    .    .    .    .    .    .    .    <=====>   . ENG4c1    10 1951 2015   65
   .    .    .    .    .    .    .    .    .    .    .    .    .    .    .    .    .    .   <======>   . ENG5a1    11 1941 2015   75
   .    .    .    .    .    .    .    .    .    .    .    .    .    .    .    .    .    .  <=======>   . ENG5b1    12 1936 2015   80
   .    .    .    .    .    .    .    .    .    .    .    .    .    .    .    .    .    .    <=====>   . ENG5c1    13 1955 2015   61
   .    .    .    .    .    .    .    .    .    .    .    .    .    .    .    .    .    .  <=======>   . ENG6a1    14 1934 2015   82
   .    .    .    .    .    .    .    .    .    .    .    .    .    .    .    .    .    .    <=====>   . ENG6b1    15 1954 2015   62
   .    .    .    .    .    .    .    .    .    .    .    .    .    .    .    .    .    .    <=====>   . ENG6c1    16 1951 2015   65
   :    :    :    :    :    :    :    :    :    :    :    :    :    :    :    :    :    :    :    :    :
 1050 1100 1150 1200 1250 1300 1350 1400 1450 1500 1550 1600 1650 1700 1750 1800 1850 1900 1950 2000 2050
PART 3:  Master Dating Series: ENG                                                                 15:50  Mon 19 Dec 2016  Page   3
------------------------------------------------------------------------------------------------------------------------------------
  Year  Value  No Ab    Year  Value  No Ab    Year  Value  No Ab    Year  Value  No Ab    Year  Value  No Ab    Year  Value  No Ab
  ------------------    ------------------    ------------------    ------------------    ------------------    ------------------
                        1950  -.279   7       2000  -.196  16
                        1951  -.011   9       2001   .421  16
                        1952   .076   9       2002   .917  16
                        1953 -1.120  11       2003   .432  16
                        1954  -.106  14       2004   .248  16
                        1955  1.258  15       2005   .162  16
                        1956  1.623  15       2006 -1.390  16
                        1957  1.766  15       2007 -1.204  16
                        1958   .739  15       2008   .122  16
                        1959  -.245  15       2009  -.648  16

                        1960   .397  15       2010  -.662  16
                        1961 -2.587  15       2011  1.776  16
                        1962 -1.837  16       2012   .807  16
                        1963   .388  16       2013  -.491  16
                        1964  -.597  16       2014   .576  16
                        1965   .117  16       2015 -1.296  16
                        1966   .111  16
                        1967  -.319  16
                        1968  -.469  16
                        1969  1.233  16

                        1970   .281  16
                        1971  -.836  16
                        1972   .350  16
                        1973   .251  16
                        1974  -.196  16
                        1975  1.158  16
                        1976 -1.165  16
                        1977 -1.047  16
                        1978  1.170  16
                        1979  1.518  16

                        1980  -.588  16
                        1981  -.778  16
                        1982  1.726  16
                        1983  1.159  16
  1934 -1.683   1       1984   .489  16
  1935 -1.078   1       1985  -.326  16
  1936   .877   2       1986   .404  16
  1937  -.025   2       1987   .306  16
  1938   .367   2       1988 -2.693  16
  1939   .774   4       1989 -1.077  16

  1940   .247   4       1990 -1.266  16
  1941  1.812   5       1991   .115  16
  1942   .832   6       1992   .235  16
  1943 -1.044   6       1993  -.308  16
  1944   .035   6       1994   .068  16
  1945  -.036   6       1995  1.277  16
  1946  -.101   6       1996 -1.074  16
  1947  -.191   6       1997  -.145  16
  1948 -1.471   6       1998  2.091  16
  1949 -1.461   7       1999  1.335  16
------------------------------------------------------------------------------------------------------------------------------------
PART 4:  Master Bar Plot: ENG                                                                      15:50  Mon 19 Dec 2016  Page   4
------------------------------------------------------------------------------------------------------------------------------------
   Year Rel value  Year Rel value  Year Rel value  Year Rel value  Year Rel value  Year Rel value  Year Rel value  Year Rel value
                   1950---a        2000----a
                   1951-----@      2001-------B
                   1952-----@      2002--------D
                   1953-d          2003-------B
                   1954----@       2004------A
                   1955---------E  2005------A
                   1956----------F 2006f
                   1957----------G 2007-e
                   1958--------C   2008-----@
                   1959---a        2009--c
                   1960-------B    2010--c
                   1961j           2011----------G
                   1962g           2012--------C
                   1963-------B    2013--b
                   1964--b         2014-------B
                   1965-----@      2015e
                   1966-----@
                   1967---a
                   1968---b
                   1969---------E
                   1970------A
                   1971--c
                   1972-------A
                   1973------A
                   1974----a
                   1975---------E
                   1976-e
                   1977-d
                   1978---------E
                   1979----------F
                   1980--b
                   1981--c
                   1982----------G
                   1983---------E
   1934g           1984-------B
   1935-d          1985---a
   1936--------D   1986-------B
   1937----@       1987------A
   1938-------A    1988k
   1939--------C   1989-d
   1940------A     1990-e
   1941----------G 1991-----@
   1942--------C   1992------A
   1943-d          1993---a
   1944-----@      1994-----@
   1945----@       1995---------E
   1946----@       1996-d
   1947----a       1997----a
   1948f           1998----------H
   1949f           1999---------E
PART 5:  CORRELATION OF SERIES BY SEGMENTS: ENG                                                    15:50  Mon 19 Dec 2016  Page   5
------------------------------------------------------------------------------------------------------------------------------------
 Correlations of  50-year dated segments, lagged  25 years
 Flags:  A = correlation under   .3281 but highest as dated;  B = correlation higher at other than dated position

 Seq Series  Time_span   1925 1950 1975
                         1974 1999 2024
 --- -------- ---------  ---- ---- ---- ---- ---- ---- ---- ---- ---- ---- ---- ---- ---- ---- ---- ---- ---- ---- ---- ----
   1 ENG1a1   1939 2015  -.05B-.03B-.05B
   2 ENG1b1   1953 2015        .61  .54
   3 ENG1c1   1942 2015   .33A .38  .32A
   4 ENG2b1   1949 2015   .56  .56  .45
   5 ENG3a1   1954 2015        .86  .81
   6 ENG3b1   1962 2015        .69  .70
   7 ENG3c1   1953 2015        .78  .85
   8 ENG4a1   1954 2015        .76  .81
   9 ENG4b1   1939 2015   .72  .82  .75
  10 ENG4c1   1951 2015        .72  .71
  11 ENG5a1   1941 2015   .68  .79  .76
  12 ENG5b1   1936 2015   .64  .83  .72
  13 ENG5c1   1955 2015        .77  .74
  14 ENG6a1   1934 2015   .42  .69  .69
  15 ENG6b1   1954 2015       -.02B .00B
  16 ENG6c1   1951 2015        .83  .60
 Av segment correlation   .47  .63  .59
PART 6:  POTENTIAL PROBLEMS: ENG                                                                   15:50  Mon 19 Dec 2016  Page   5
------------------------------------------------------------------------------------------------------------------------------------

 For each series with potential problems the following diagnostics may appear:

 [A] Correlations with master dating series of flagged  50-year segments of series filtered with  32-year spline,
     at every point from ten years earlier (-10) to ten years later (+10) than dated

 [B] Effect of those data values which most lower or raise correlation with master series
     Symbol following year indicates value in series is greater (>) or lesser (<) than master series value

 [C] Year-to-year changes very different from the mean change in other series

 [D] Absent rings (zero values)

 [E] Values which are statistical outliers from mean for the year
====================================================================================================================================

 ENG1a1    1939 to  2015      77 years                                                                                    Series   1

 [A] Segment   High   -10   -9   -8   -7   -6   -5   -4   -3   -2   -1   +0   +1   +2   +3   +4   +5   +6   +7   +8   +9  +10
    ---------  ----   ---  ---  ---  ---  ---  ---  ---  ---  ---  ---  ---  ---  ---  ---  ---  ---  ---  ---  ---  ---  ---
    1939 1988    1      -    -    -    -    - -.15  .02  .13 -.06  .08 -.05| .40* .05 -.02  .00 -.13  .08 -.17 -.05  .20  .25
    1950 1999    1   -.15  .08 -.28 -.32  .14 -.03  .04  .17  .00  .10 -.03| .45* .05 -.02 -.03 -.16  .05 -.16 -.04  .14  .18
    1966 2015   -6   -.15  .12 -.27 -.05  .30* .00 -.04  .20 -.04 -.13 -.05|   -    -    -    -    -    -    -    -    -    -

 [B] Entire series, effect on correlation (  .010) is:
       Lower   1988> -.034   1996> -.029   1976> -.027   1948> -.024   1982< -.015   1981> -.014  Higher   2015  .049   1962  .025
     1939 to 1988 segment:
       Lower   1988> -.040   1976> -.036   1948> -.030   1982< -.022   1981> -.018   1986< -.016  Higher   1961  .051   1962  .043
     1950 to 1999 segment:
       Lower   1988> -.045   1996> -.042   1976> -.038   1982< -.022   1981> -.020   1986< -.016  Higher   1961  .049   1962  .044
     1966 to 2015 segment:
       Lower   1988> -.045   1996> -.043   1976> -.039   1981> -.021   1982< -.020   1986< -.015  Higher   2015  .085   1998  .031

 [C] Year-to-year changes diverging by over 4.0 std deviations:
       1987 1988   4.1 SD

 [E] Outliers     3   3.0 SD above or -4.5 SD below mean for year
       1977 +3.2 SD;    1981 +3.0 SD;    1988 +3.2 SD
====================================================================================================================================

 ENG1b1    1953 to  2015      63 years                                                                                    Series   2

 [B] Entire series, effect on correlation (  .524) is:
       Lower   2003< -.087   1990> -.026   1963< -.022   1964> -.014   1983< -.011   2009> -.011  Higher   1988  .111   1998  .021

====================================================================================================================================

 ENG1c1    1942 to  2015      74 years                                                                                    Series   3

 [A] Segment   High   -10   -9   -8   -7   -6   -5   -4   -3   -2   -1   +0   +1   +2   +3   +4   +5   +6   +7   +8   +9  +10
    ---------  ----   ---  ---  ---  ---  ---  ---  ---  ---  ---  ---  ---  ---  ---  ---  ---  ---  ---  ---  ---  ---  ---
    1942 1991    0      -    - -.27 -.16 -.01 -.05 -.02  .11 -.18  .12  .33* .10  .22  .12 -.14  .15 -.31 -.23  .03  .18 -.38
    1966 2015    0    .10 -.17 -.15  .04  .01 -.17 -.07  .23 -.30  .05  .32*   -    -    -    -    -    -    -    -    -    -

 [B] Entire series, effect on correlation (  .306) is:
       Lower   1991< -.049   2013< -.035   1990> -.019   1959< -.017   1987< -.016   2009> -.014  Higher   1988  .066   2006  .025
     1942 to 1991 segment:
       Lower   1991< -.084   1959< -.030   1990> -.029   1987< -.026   1972< -.022   1962> -.018  Higher   1988  .095   1982  .032
     1966 to 2015 segment:
       Lower   1991< -.067   2013< -.045   1990> -.032   2009> -.023   1987< -.020   1972< -.019  Higher   1988  .100   2006  .039

====================================================================================================================================

 ENG2b1    1949 to  2015      67 years                                                                                    Series   4

 [B] Entire series, effect on correlation (  .459) is:
       Lower   1990> -.033   2006> -.031   2010> -.024   2000< -.016   1977> -.015   1961> -.014  Higher   1988  .052   1976  .025

 [E] Outliers     1   3.0 SD above or -4.5 SD below mean for year
       2010 +3.3 SD
====================================================================================================================================

 ENG3a1    1954 to  2015      62 years                                                                                    Series   5

 [B] Entire series, effect on correlation (  .845) is:
       Lower   1991> -.008   2003> -.007   2008< -.007   1978< -.006   1977< -.006   1967> -.005  Higher   1961  .040   1988  .031

====================================================================================================================================

 ENG3b1    1962 to  2015      54 years                                                                                    Series   6

 [B] Entire series, effect on correlation (  .685) is:
       Lower   1977< -.078   1968< -.015   1963> -.011   1997< -.010   2003> -.005   2008< -.005  Higher   1988  .065   1976  .024

====================================================================================================================================

 ENG3c1    1953 to  2015      63 years                                                                                    Series   7

 [B] Entire series, effect on correlation (  .792) is:
       Lower   1958< -.024   1964> -.015   1962> -.009   1968< -.008   1977< -.007   1960< -.006  Higher   1988  .048   1961  .014

====================================================================================================================================

 ENG4a1    1954 to  2015      62 years                                                                                    Series   8

 [B] Entire series, effect on correlation (  .770) is:
       Lower   1955< -.020   1996< -.015   1961> -.011   1981> -.009   2006> -.009   1980> -.007  Higher   1988  .058   1976  .012

====================================================================================================================================

 ENG4b1    1939 to  2015      77 years                                                                                    Series   9

 [B] Entire series, effect on correlation (  .672) is:
       Lower   1942< -.110   1997< -.012   1952> -.011   2000< -.010   1947> -.008   1992> -.007  Higher   1961  .072   1988  .047

====================================================================================================================================

 ENG4c1    1951 to  2015      65 years                                                                                    Series  10

 [B] Entire series, effect on correlation (  .704) is:
       Lower   1962< -.037   1976> -.031   1952> -.013   1973> -.011   2010< -.010   1997< -.009  Higher   1988  .066   1961  .061

====================================================================================================================================

 ENG5a1    1941 to  2015      75 years                                                                                    Series  11

 [B] Entire series, effect on correlation (  .721) is:
       Lower   1948< -.053   2014< -.009   1986< -.009   1984< -.007   1942> -.005   1973< -.005  Higher   2015  .011   1996  .009

====================================================================================================================================

 ENG5b1    1936 to  2015      80 years                                                                                    Series  12

 [B] Entire series, effect on correlation (  .676) is:
       Lower   1936< -.052   1937> -.022   1981< -.012   2001< -.012   1940< -.010   1962> -.010  Higher   1961  .045   1988  .028

====================================================================================================================================

 ENG5c1    1955 to  2015      61 years                                                                                    Series  13

 [B] Entire series, effect on correlation (  .781) is:
       Lower   1988> -.027   1976> -.018   1969< -.012   1955< -.012   1978< -.007   1987< -.004  Higher   1961  .049   1996  .012

====================================================================================================================================

 ENG6a1    1934 to  2015      82 years                                                                                    Series  14

 [*] Early part of series cannot be checked from 1934 to 1935 -- not matched by another series

 [B] Entire series, effect on correlation (  .550) is:
       Lower   1936> -.037   1950< -.018   1942> -.016   1943> -.014   1937< -.014   1941< -.010  Higher   1988  .078   1976  .021

 [E] Outliers     1   3.0 SD above or -4.5 SD below mean for year
       1936 +3.6 SD
====================================================================================================================================

 ENG6b1    1954 to  2015      62 years                                                                                    Series  15

 [A] Segment   High   -10   -9   -8   -7   -6   -5   -4   -3   -2   -1   +0   +1   +2   +3   +4   +5   +6   +7   +8   +9  +10
    ---------  ----   ---  ---  ---  ---  ---  ---  ---  ---  ---  ---  ---  ---  ---  ---  ---  ---  ---  ---  ---  ---  ---
    1954 2003   -3   -.18  .03 -.15 -.27  .08  .00  .12  .21* .20  .01 -.02| .11  .05 -.07  .21  .09 -.04  .03 -.28 -.10 -.19
    1966 2015   -2   -.12  .14 -.07 -.18  .24  .11 -.18  .11  .36*-.15  .00|   -    -    -    -    -    -    -    -    -    -

 [B] Entire series, effect on correlation (  .052) is:
       Lower   1957< -.070   1988> -.043   1996> -.038   1977> -.022   2007> -.017   1982< -.014  Higher   2015  .090   1961  .054
     1954 to 2003 segment:
       Lower   1957< -.095   1996> -.048   1988> -.044   1977> -.028   1982< -.020   2002< -.016  Higher   1961  .098   1990  .029
     1966 to 2015 segment:
       Lower   1988> -.055   1996> -.051   1977> -.029   2007> -.023   1982< -.019   2002< -.016  Higher   2015  .151   1990  .026

 [E] Outliers     3   3.0 SD above or -4.5 SD below mean for year
       1977 +4.3 SD;    2000 +3.2 SD;    2007 +3.2 SD
====================================================================================================================================

 ENG6c1    1951 to  2015      65 years                                                                                    Series  16

 [B] Entire series, effect on correlation (  .716) is:
       Lower   2015> -.053   2006> -.022   2011< -.011   2000< -.011   2003> -.008   1988> -.006  Higher   1961  .075   1976  .013

====================================================================================================================================
PART 7:  DESCRIPTIVE STATISTICS: ENG                                                               15:50  Mon 19 Dec 2016  Page   6
------------------------------------------------------------------------------------------------------------------------------------

                                                Corr   //-------- Unfiltered --------\\  //---- Filtered -----\\
                           No.    No.    No.    with   Mean   Max     Std   Auto   Mean   Max     Std   Auto  AR
 Seq Series   Interval   Years  Segmt  Flags   Master  msmt   msmt    dev   corr   sens  value    dev   corr  ()
 --- -------- ---------  -----  -----  -----   ------ -----  -----  -----  -----  -----  -----  -----  -----  --
   1 ENG1a1   1939 2015     77      3      3    .010   2.11   3.63   .690   .628   .236   2.74   .575  -.092   2
   2 ENG1b1   1953 2015     63      2      0    .524   2.32   3.63   .632   .528   .196   2.68   .502  -.005   2
   3 ENG1c1   1942 2015     74      3      2    .306   2.14   3.81   .841   .713   .261   2.59   .508  -.074   1
   4 ENG2b1   1949 2015     67      3      0    .459   3.02  10.09  1.358   .757   .179   2.94   .480   .026   1
   5 ENG3a1   1954 2015     62      2      0    .845   4.09   5.98   .879   .537   .171   2.53   .462   .027   2
   6 ENG3b1   1962 2015     54      2      0    .685   3.71   5.75   .925   .537   .196   2.78   .566   .099   1
   7 ENG3c1   1953 2015     63      2      0    .792   2.64   4.43   .635   .572   .172   2.71   .527   .079   2
   8 ENG4a1   1954 2015     62      2      0    .770   4.18   6.56   .793   .314   .167   2.53   .483  -.062   2
   9 ENG4b1   1939 2015     77      3      0    .672   3.33   5.27   .768   .431   .198   2.46   .442  -.001   2
  10 ENG4c1   1951 2015     65      2      0    .704   3.74   5.79   .819   .415   .169   2.65   .526   .102   2
  11 ENG5a1   1941 2015     75      3      0    .721   3.09   4.96   .739   .608   .166   2.48   .429  -.034   5
  12 ENG5b1   1936 2015     80      3      0    .676   3.45   5.47   .776   .525   .168   2.81   .578   .039   4
  13 ENG5c1   1955 2015     61      2      0    .781   4.27   6.26   .920   .615   .152   2.40   .394   .098   2
  14 ENG6a1   1934 2015     82      3      0    .550   2.07   4.28   .550   .572   .156   2.60   .495  -.038   2
  15 ENG6b1   1954 2015     62      2      2    .052   2.48   6.00   .815   .628   .181   2.81   .459  -.079   1
  16 ENG6c1   1951 2015     65      2      0    .716   2.91   5.53  1.001   .787   .173   2.50   .443   .042   2
 --- -------- ---------  -----  -----  -----   ------ -----  -----  -----  -----  -----  -----  -----  -----  --
 Total or mean:           1089     39      7    .571   3.06  10.09   .814   .574   .184   2.94   .493   .004

                                              - = [  COFECHA ENG  COF  ] = -
