[]  Dendrochronology Program Library                                        Run GLA    Program COF  16:16  Mon 19 Dec 2016  Page   1
[]
[]  P R O G R A M      C O F E C H A                                                                          Version 6.06P    29940
------------------------------------------------------------------------------------------------------------------------------------

 QUALITY CONTROL AND DATING CHECK OF TREE-RING MEASUREMENTS

 Title of run:           GLA                                     

 File of DATED series:   GLA.rwl

 CONTENTS:

    Part 1:  Title page, options selected, summary, absent rings by series
    Part 2:  Histogram of time spans
    Part 3:  Master series with sample depth and absent rings by year
    Part 4:  Bar plot of Master Dating Series
    Part 5:  Correlation by segment of each series with Master
    Part 6:  Potential problems: low correlation, divergent year-to-year changes, absent rings, outliers
    Part 7:  Descriptive statistics

 RUN CONTROL OPTIONS SELECTED                             VALUE

         1  Cubic smoothing spline 50% wavelength cutoff for filtering
                                                            32 years
         2  Segments examined are                           50 years lagged successively by  25 years
         3  Autoregressive model applied                     A  Residuals are used in master dating series and testing
         4  Series transformed to logarithms                 Y  Each series log-transformed for master dating series and testing
         5  CORRELATION is Pearson (parametric, quantitative)
            Critical correlation, 99% confidence level   .3281
         6  Master dating series saved                       N
         7  Ring measurements listed                         N
         8  Parts printed                              1234567 
         9  Absent rings are omitted from master series and segment correlations  (Y)

 Time span of Master dating series is  1862 to  2015   154 years
 Continuous time span is               1862 to  2015   154 years
 Portion with two or more series is    1871 to  2015   145 years


                                        ****************************************
                                        *C* Number of dated series        19 *C*
                                        *O* Master series 1862 2015  154 yrs *O*
                                        *F* Total rings in all series   2302 *F*
                                        *E* Total dated rings checked   2293 *E*
                                        *C* Series intercorrelation     .649 *C*
                                        *H* Average mean sensitivity    .246 *H*
                                        *A* Segments, possible problems    4 *A*
                                        *** Mean length of series      121.2 ***
                                        ****************************************

 ABSENT RINGS listed by SERIES:            (See Master Dating Series for absent rings listed by year)

               No ring measurements of zero value
PART 2:  TIME PLOT OF TREE-RING SERIES: GLA                                                        16:16  Mon 19 Dec 2016  Page   2
------------------------------------------------------------------------------------------------------------------------------------
 1050 1100 1150 1200 1250 1300 1350 1400 1450 1500 1550 1600 1650 1700 1750 1800 1850 1900 1950 2000 2050 Ident   Seq Time-span  Yrs
   :    :    :    :    :    :    :    :    :    :    :    :    :    :    :    :    :    :    :    :    : -------- --- ---- ---- ----
   .    .    .    .    .    .    .    .    .    .    .    .    .    .    .    .    .    .   <======>   . GLA117     1 1940 2015   76
   .    .    .    .    .    .    .    .    .    .    .    .    .    .    .    .    .<==============>   . GLA142     2 1862 2015  154
   .    .    .    .    .    .    .    .    .    .    .    .    .    .    .    .    .    . <========>   . GLA170     3 1924 2015   92
   .    .    .    .    .    .    .    .    .    .    .    .    .    .    .    .    . <=============>   . GLA180     4 1874 2015  142
   .    .    .    .    .    .    .    .    .    .    .    .    .    .    .    .    . <=============>   . GLA181     5 1874 2015  142
   .    .    .    .    .    .    .    .    .    .    .    .    .    .    .    .    . <=============>   . GLA182     6 1875 2015  141
   .    .    .    .    .    .    .    .    .    .    .    .    .    .    .    .    . <=============>   . GLA183     7 1879 2015  137
   .    .    .    .    .    .    .    .    .    .    .    .    .    .    .    .    . <=============>   . GLA184     8 1872 2015  144
   .    .    .    .    .    .    .    .    .    .    .    .    .    .    .    .    . <=============>   . GLA185     9 1871 2015  145
   .    .    .    .    .    .    .    .    .    .    .    .    .    .    .    .    .    . <========>   . GLA468    10 1926 2015   90
   .    .    .    .    .    .    .    .    .    .    .    .    .    .    .    .    .    .<=========>   . GLA600    11 1915 2015  101
   .    .    .    .    .    .    .    .    .    .    .    .    .    .    .    .    .    <==========>   . GLA601    12 1908 2015  108
   .    .    .    .    .    .    .    .    .    .    .    .    .    .    .    .    .   <===========>   . GLA602    13 1899 2015  117
   .    .    .    .    .    .    .    .    .    .    .    .    .    .    .    .    .    .  <=======>   . GLA867    14 1930 2015   86
   .    .    .    .    .    .    .    .    .    .    .    .    .    .    .    .    . <=============>   . GLA869    15 1873 2015  143
   .    .    .    .    .    .    .    .    .    .    .    .    .    .    .    .    .   <===========>   . GLA870    16 1890 2015  126
   .    .    .    .    .    .    .    .    .    .    .    .    .    .    .    .    .   <===========>   . GLA871    17 1893 2015  123
   .    .    .    .    .    .    .    .    .    .    .    .    .    .    .    .    .  <============>   . GLA872    18 1886 2015  130
   .    .    .    .    .    .    .    .    .    .    .    .    .    .    .    .    .    .<=========>   . GLA873    19 1911 2015  105
   :    :    :    :    :    :    :    :    :    :    :    :    :    :    :    :    :    :    :    :    :
 1050 1100 1150 1200 1250 1300 1350 1400 1450 1500 1550 1600 1650 1700 1750 1800 1850 1900 1950 2000 2050
PART 3:  Master Dating Series: GLA                                                                 16:16  Mon 19 Dec 2016  Page   3
------------------------------------------------------------------------------------------------------------------------------------
  Year  Value  No Ab    Year  Value  No Ab    Year  Value  No Ab    Year  Value  No Ab    Year  Value  No Ab    Year  Value  No Ab
  ------------------    ------------------    ------------------    ------------------    ------------------    ------------------
                        1900  -.818  12       1950   .175  19       2000   .993  19
                        1901  -.181  12       1951  1.199  19       2001   .412  19
                        1902   .496  12       1952   .412  19       2002  -.710  19
                        1903  1.204  12       1953   .729  19       2003  -.309  19
                        1904   .295  12       1954   .369  19       2004   .251  19
                        1905   .453  12       1955  1.022  19       2005 -1.175  19
                        1906  -.541  12       1956 -1.625  19       2006 -1.958  19
                        1907   .432  12       1957   .171  19       2007   .127  19
                        1908   .736  13       1958   .834  19       2008  1.342  19
                        1909   .240  13       1959   .151  19       2009   .427  19

                        1910  -.601  13       1960  1.309  19       2010  1.630  19
                        1911  -.981  14       1961  -.734  19       2011  1.453  19
  1862  2.059   1       1912  1.368  14       1962   .486  19       2012  -.902  19
  1863 -1.245   1       1913   .289  14       1963 -1.893  19       2013  -.064  19
  1864   .600   1       1914   .657  14       1964   .970  19       2014   .169  19
  1865   .064   1       1915  -.042  15       1965 -1.108  19       2015 -1.776  19
  1866   .841   1       1916  1.048  15       1966  -.811  19
  1867  1.560   1       1917  -.004  15       1967   .251  19
  1868  -.515   1       1918  -.700  15       1968   .279  19
  1869   .884   1       1919 -1.450  15       1969  1.676  19

  1870 -1.824   1       1920 -1.007  15       1970   .799  19
  1871  -.279   2       1921 -1.476  15       1971  -.664  19
  1872 -1.419   3       1922  -.629  15       1972  -.108  19
  1873 -1.133   4       1923  -.795  15       1973   .522  19
  1874  -.931   6       1924   .439  16       1974  1.142  19
  1875   .146   7       1925  -.141  16       1975   .768  19
  1876  1.135   7       1926   .267  17       1976 -1.049  19
  1877   .696   7       1927  -.353  17       1977 -3.159  19
  1878  -.113   7       1928   .170  17       1978   .296  19
  1879   .994   8       1929   .532  17       1979  -.007  19

  1880   .962   8       1930   .537  18       1980   .936  19
  1881   .718   8       1931  -.435  18       1981  -.227  19
  1882   .568   8       1932   .512  18       1982   .649  19
  1883  -.505   8       1933   .543  18       1983   .156  19
  1884   .096   8       1934 -3.263  18       1984   .623  19
  1885   .143   8       1935  -.360  18       1985  -.600  19
  1886  -.885   9       1936  -.754  18       1986   .635  19
  1887 -1.686   9       1937   .666  18       1987  -.855  19
  1888 -1.521   9       1938   .932  18       1988 -2.583  19
  1889   .266   9       1939   .024  18       1989  -.966  19

  1890  -.656  10       1940  -.588  19       1990  1.630  19
  1891  -.372  10       1941   .679  19       1991  -.016  19
  1892   .805  10       1942  1.963  19       1992   .414  19
  1893  -.087  11       1943   .657  19       1993  2.347  19
  1894 -1.049  11       1944   .157  19       1994 -1.290  19
  1895  -.203  11       1945   .603  19       1995  -.933  19
  1896   .653  11       1946  -.521  19       1996  -.039  19
  1897  1.656  11       1947 -1.394  19       1997   .048  19
  1898  1.259  11       1948 -2.062  19       1998   .773  19
  1899  -.698  12       1949 -1.502  19       1999   .700  19
------------------------------------------------------------------------------------------------------------------------------------
PART 4:  Master Bar Plot: GLA                                                                      16:16  Mon 19 Dec 2016  Page   4
------------------------------------------------------------------------------------------------------------------------------------
   Year Rel value  Year Rel value  Year Rel value  Year Rel value  Year Rel value  Year Rel value  Year Rel value  Year Rel value
                   1900--c         1950-----A      2000---------D
                   1901----a       1951---------E  2001------B
                   1902-------B    1952------B     2002--c
                   1903---------E  1953--------C   2003---a
                   1904------A     1954------A     2004-----A
                   1905------B     1955---------D  2005-e
                   1906---b        1956f           2006h
                   1907------B     1957-----A      2007-----A
                   1908--------C   1958--------C   2008----------E
                   1909-----A      1959-----A      2009------B
                   1910--b         1960---------E  2010----------G
                   1911-d          1961--c         2011----------F
   1862----------H 1912----------E 1962-------B    2012-d
   1863-e          1913------A     1963h           2013----@
   1864-------B    1914--------C   1964---------D  2014-----A
   1865-----@      1915----@       1965-d          2015g
   1866--------C   1916---------D  1966--c
   1867----------F 1917----@       1967-----A
   1868---b        1918--c         1968------A
   1869---------D  1919f           1969----------G
   1870g           1920-d          1970--------C
   1871---a        1921f           1971--c
   1872f           1922--c         1972----@
   1873-e          1923--c         1973-------B
   1874-d          1924------B     1974---------E
   1875-----A      1925----a       1975--------C
   1876---------E  1926------A     1976-d
   1877--------C   1927---a        1977m
   1878----@       1928-----A      1978------A
   1879---------D  1929-------B    1979----@
   1880---------D  1930-------B    1980---------D
   1881--------C   1931---b        1981----a
   1882-------B    1932-------B    1982--------C
   1883---b        1933-------B    1983-----A
   1884-----@      1934m           1984-------B
   1885-----A      1935---a        1985--b
   1886--d         1936--c         1986--------C
   1887g           1937--------C   1987--c
   1888f           1938---------D  1988j
   1889------A     1939----@       1989-d
   1890--c         1940--b         1990----------G
   1891---a        1941--------C   1991----@
   1892--------C   1942----------H 1992------B
   1893----@       1943--------C   1993----------I
   1894-d          1944-----A      1994-e
   1895----a       1945-------B    1995-d
   1896--------C   1946---b        1996----@
   1897----------G 1947-f          1997----@
   1898---------E  1948h           1998--------C
   1899--c         1949f           1999--------C
PART 5:  CORRELATION OF SERIES BY SEGMENTS: GLA                                                    16:16  Mon 19 Dec 2016  Page   5
------------------------------------------------------------------------------------------------------------------------------------
 Correlations of  50-year dated segments, lagged  25 years
 Flags:  A = correlation under   .3281 but highest as dated;  B = correlation higher at other than dated position

 Seq Series  Time_span   1850 1875 1900 1925 1950 1975
                         1899 1924 1949 1974 1999 2024
 --- -------- ---------  ---- ---- ---- ---- ---- ---- ---- ---- ---- ---- ---- ---- ---- ---- ---- ---- ---- ---- ---- ----
   1 GLA117   1940 2015                  .67  .66  .67
   2 GLA142   1862 2015   .43  .42  .75  .80  .52  .48
   3 GLA170   1924 2015             .82  .82  .63  .50
   4 GLA180   1874 2015   .60  .61  .58  .54  .71  .72
   5 GLA181   1874 2015   .43  .45  .61  .75  .78  .76
   6 GLA182   1875 2015        .53  .56  .64  .72  .72
   7 GLA183   1879 2015        .69  .81  .80  .85  .68
   8 GLA184   1872 2015   .68  .68  .63  .72  .83  .83
   9 GLA185   1871 2015   .65  .67  .83  .83  .81  .79
  10 GLA468   1926 2015                  .74  .67  .67
  11 GLA600   1915 2015             .49  .44  .61  .66
  12 GLA601   1908 2015             .55  .71  .79  .72
  13 GLA602   1899 2015        .51  .50  .72  .71  .71
  14 GLA867   1930 2015                  .80  .68  .62
  15 GLA869   1873 2015   .03B .11B .62  .81  .71  .66
  16 GLA870   1890 2015        .10B .16B .43  .64  .74
  17 GLA871   1893 2015        .35  .35  .54  .79  .82
  18 GLA872   1886 2015        .42  .58  .59  .74  .68
  19 GLA873   1911 2015             .57  .63  .80  .79
 Av segment correlation   .47  .46  .59  .68  .72  .70
PART 6:  POTENTIAL PROBLEMS: GLA                                                                   16:16  Mon 19 Dec 2016  Page   5
------------------------------------------------------------------------------------------------------------------------------------

 For each series with potential problems the following diagnostics may appear:

 [A] Correlations with master dating series of flagged  50-year segments of series filtered with  32-year spline,
     at every point from ten years earlier (-10) to ten years later (+10) than dated

 [B] Effect of those data values which most lower or raise correlation with master series
     Symbol following year indicates value in series is greater (>) or lesser (<) than master series value

 [C] Year-to-year changes very different from the mean change in other series

 [D] Absent rings (zero values)

 [E] Values which are statistical outliers from mean for the year
====================================================================================================================================

 GLA117    1940 to  2015      76 years                                                                                    Series   1

 [B] Entire series, effect on correlation (  .703) is:
       Lower   1966< -.056   1977> -.021   1981> -.011   2010< -.008   2012> -.008   1959> -.007  Higher   1988  .023   2015  .019

====================================================================================================================================

 GLA142    1862 to  2015     154 years                                                                                    Series   2

 [*] Early part of series cannot be checked from 1862 to 1870 -- not matched by another series

 [B] Entire series, effect on correlation (  .588) is:
       Lower   1986< -.040   2006> -.010   1993< -.009   1876< -.009   1904< -.009   1878> -.008  Higher   1934  .066   2015  .011

====================================================================================================================================

 GLA170    1924 to  2015      92 years                                                                                    Series   3

 [B] Entire series, effect on correlation (  .673) is:
       Lower   1977> -.038   1994> -.033   2006> -.024   2011< -.022   1973< -.015   1976> -.008  Higher   1934  .060   1988  .020

 [E] Outliers     2   3.0 SD above or -4.5 SD below mean for year
       1977 +3.4 SD;    2006 +3.1 SD
====================================================================================================================================

 GLA180    1874 to  2015     142 years                                                                                    Series   4

 [B] Entire series, effect on correlation (  .632) is:
       Lower   1954< -.026   1875< -.024   1948> -.014   2015> -.014   1937< -.011   1971> -.009  Higher   1977  .029   1994  .020

====================================================================================================================================

 GLA181    1874 to  2015     142 years                                                                                    Series   5

 [B] Entire series, effect on correlation (  .631) is:
       Lower   1874< -.019   1894> -.013   1921< -.011   1911> -.010   2015> -.009   1913< -.007  Higher   1934  .031   1977  .024

====================================================================================================================================

 GLA182    1875 to  2015     141 years                                                                                    Series   6

 [B] Entire series, effect on correlation (  .637) is:
       Lower   1899> -.013   1934> -.009   1964< -.009   1987> -.008   1893> -.008   1902< -.007  Higher   1994  .016   1963  .013

====================================================================================================================================

 GLA183    1879 to  2015     137 years                                                                                    Series   7

 [B] Entire series, effect on correlation (  .737) is:
       Lower   2012< -.045   2015> -.031   1966> -.006   1959< -.005   1906> -.005   1913> -.004  Higher   1934  .041   1977  .014

 [E] Outliers     1   3.0 SD above or -4.5 SD below mean for year
       2012 -5.1 SD
====================================================================================================================================

 GLA184    1872 to  2015     144 years                                                                                    Series   8

 [B] Entire series, effect on correlation (  .755) is:
       Lower   1949< -.009   1948> -.006   1927> -.006   1938< -.005   1915< -.004   1998< -.004  Higher   1994  .011   1988  .010

====================================================================================================================================

 GLA185    1871 to  2015     145 years                                                                                    Series   9

 [B] Entire series, effect on correlation (  .767) is:
       Lower   1959< -.010   1871> -.007   1909< -.007   1946> -.006   1994> -.005   1875> -.005  Higher   1934  .037   1977  .011

====================================================================================================================================

 GLA468    1926 to  2015      90 years                                                                                    Series  10

 [B] Entire series, effect on correlation (  .714) is:
       Lower   1958< -.015   1927< -.012   1978< -.010   1943< -.010   2002> -.009   1966> -.008  Higher   1934  .063   1977  .012

====================================================================================================================================

 GLA600    1915 to  2015     101 years                                                                                    Series  11

 [B] Entire series, effect on correlation (  .580) is:
       Lower   1970< -.025   1969< -.016   2012> -.013   1961> -.012   1963> -.012   1991> -.011  Higher   1977  .037   1956  .018

====================================================================================================================================

 GLA601    1908 to  2015     108 years                                                                                    Series  12

 [B] Entire series, effect on correlation (  .670) is:
       Lower   1924< -.034   2012> -.014   1923> -.009   1970> -.009   1945< -.007   1914< -.007  Higher   1994  .020   1988  .016

====================================================================================================================================

 GLA602    1899 to  2015     117 years                                                                                    Series  13

 [B] Entire series, effect on correlation (  .647) is:
       Lower   1903< -.031   1977> -.013   1906> -.010   1965> -.010   1900> -.009   1926< -.009  Higher   1934  .027   1994  .019

====================================================================================================================================

 GLA867    1930 to  2015      86 years                                                                                    Series  14

 [B] Entire series, effect on correlation (  .715) is:
       Lower   1988> -.032   1980< -.019   1989> -.011   2002< -.011   1948> -.007   2009> -.006  Higher   1934  .060   1994  .020

 [E] Outliers     1   3.0 SD above or -4.5 SD below mean for year
       1988 +3.1 SD
====================================================================================================================================

 GLA869    1873 to  2015     143 years                                                                                    Series  15

 [A] Segment   High   -10   -9   -8   -7   -6   -5   -4   -3   -2   -1   +0   +1   +2   +3   +4   +5   +6   +7   +8   +9  +10
    ---------  ----   ---  ---  ---  ---  ---  ---  ---  ---  ---  ---  ---  ---  ---  ---  ---  ---  ---  ---  ---  ---  ---
    1873 1922    3    .03  .15 -.06  .02 -.06  .01 -.27 -.36 -.28 -.02  .03| .05  .14  .39* .37  .11  .20  .12 -.06 -.09  .13
    1875 1924    3    .04  .14 -.08 -.05 -.05  .00 -.23 -.35 -.23  .03  .11| .06  .11  .37* .37  .07  .16  .08 -.09 -.08  .06

 [B] Entire series, effect on correlation (  .567) is:
       Lower   1884< -.034   1879< -.021   1874> -.017   1907< -.013   1894> -.012   1938< -.010  Higher   1934  .065   1994  .015
     1873 to 1922 segment:
       Lower   1884< -.073   1879< -.056   1874> -.048   1907< -.034   1894> -.032   1908< -.024  Higher   1887  .066   1897  .053
     1875 to 1924 segment:
       Lower   1884< -.083   1879< -.060   1894> -.041   1907< -.036   1908< -.025   1921> -.023  Higher   1887  .066   1897  .052

 [E] Outliers     2   3.0 SD above or -4.5 SD below mean for year
       1874 +3.3 SD;    1884 -4.6 SD
====================================================================================================================================

 GLA870    1890 to  2015     126 years                                                                                    Series  16

 [A] Segment   High   -10   -9   -8   -7   -6   -5   -4   -3   -2   -1   +0   +1   +2   +3   +4   +5   +6   +7   +8   +9  +10
    ---------  ----   ---  ---  ---  ---  ---  ---  ---  ---  ---  ---  ---  ---  ---  ---  ---  ---  ---  ---  ---  ---  ---
    1890 1939   -2   -.23  .11  .09  .13 -.09 -.16 -.14 -.08  .24* .23  .10|-.07  .18  .09  .02  .01  .01 -.32  .02 -.25 -.15
    1900 1949   -2   -.21  .13 -.11  .11 -.22 -.20 -.11  .01  .33* .19  .16| .05  .25  .00 -.08 -.10 -.10 -.29 -.05 -.11 -.19

 [B] Entire series, effect on correlation (  .471) is:
       Lower   1932< -.023   1977> -.016   1921> -.013   1910> -.013   1896< -.012   1890> -.011  Higher   1994  .035   2015  .026
     1890 to 1939 segment:
       Lower   1932< -.044   1921> -.031   1910> -.029   1890> -.026   1896< -.023   1908< -.021  Higher   1934  .147   1897  .060
     1900 to 1949 segment:
       Lower   1932< -.055   1921> -.030   1910> -.028   1908< -.026   1902< -.022   1918> -.019  Higher   1934  .137   1942  .048

 [E] Outliers     3   3.0 SD above or -4.5 SD below mean for year
       1955 +3.0 SD;    1956 +3.3 SD;    1999 +3.1 SD
====================================================================================================================================

 GLA871    1893 to  2015     123 years                                                                                    Series  17

 [B] Entire series, effect on correlation (  .614) is:
       Lower   1906< -.045   1934> -.026   1898< -.013   1921> -.011   1965> -.010   1929< -.010  Higher   1977  .022   1963  .018

====================================================================================================================================

 GLA872    1886 to  2015     130 years                                                                                    Series  18

 [B] Entire series, effect on correlation (  .588) is:
       Lower   2002> -.035   1888> -.023   1887> -.011   1892< -.011   1900< -.009   1961> -.008  Higher   1977  .033   1994  .016

 [E] Outliers     2   3.0 SD above or -4.5 SD below mean for year
       1888 +3.6 SD;    2002 +4.7 SD
====================================================================================================================================

 GLA873    1911 to  2015     105 years                                                                                    Series  19

 [B] Entire series, effect on correlation (  .696) is:
       Lower   1942< -.017   1949> -.015   2009< -.008   1961> -.007   1926< -.007   2015> -.007  Higher   1988  .017   1994  .013

====================================================================================================================================
PART 7:  DESCRIPTIVE STATISTICS: GLA                                                               16:16  Mon 19 Dec 2016  Page   6
------------------------------------------------------------------------------------------------------------------------------------

                                                Corr   //-------- Unfiltered --------\\  //---- Filtered -----\\
                           No.    No.    No.    with   Mean   Max     Std   Auto   Mean   Max     Std   Auto  AR
 Seq Series   Interval   Years  Segmt  Flags   Master  msmt   msmt    dev   corr   sens  value    dev   corr  ()
 --- -------- ---------  -----  -----  -----   ------ -----  -----  -----  -----  -----  -----  -----  -----  --
   1 GLA117   1940 2015     76      3      0    .703   2.40   3.96   .565   .322   .213   2.54   .506   .109   1
   2 GLA142   1862 2015    154      6      0    .588   1.47   5.10   .810   .757   .247   2.80   .377   .013   2
   3 GLA170   1924 2015     92      4      0    .673   2.26   4.97  1.013   .612   .271   2.65   .494   .047   1
   4 GLA180   1874 2015    142      6      0    .632   1.96   5.28   .924   .728   .242   2.82   .439  -.039   2
   5 GLA181   1874 2015    142      6      0    .631   2.17   7.26  1.214   .761   .273   2.72   .472   .010   2
   6 GLA182   1875 2015    141      5      0    .637   2.07   5.32  1.062   .766   .247   2.72   .486   .005   2
   7 GLA183   1879 2015    137      5      0    .737   2.08   4.63   .933   .753   .250   2.73   .373  -.020   1
   8 GLA184   1872 2015    144      6      0    .755   1.99  10.20  1.349   .823   .249   2.53   .352  -.019   1
   9 GLA185   1871 2015    145      6      0    .767   2.37   5.06   .906   .637   .265   2.49   .350   .004   1
  10 GLA468   1926 2015     90      3      0    .714   2.41   4.49   .799   .654   .191   2.59   .381  -.024   1
  11 GLA600   1915 2015    101      4      0    .580   1.62   3.78   .748   .778   .232   3.00   .519   .028   1
  12 GLA601   1908 2015    108      4      0    .670   1.91   5.25   .990   .744   .303   2.88   .524  -.013   1
  13 GLA602   1899 2015    117      5      0    .647   2.16   5.89  1.133   .683   .307   2.99   .518   .032   1
  14 GLA867   1930 2015     86      3      0    .715   1.61   3.10   .519   .502   .228   2.58   .448  -.018   2
  15 GLA869   1873 2015    143      6      2    .567   1.47   3.18   .801   .876   .198   2.62   .408  -.042   1
  16 GLA870   1890 2015    126      5      2    .471   1.64   5.92   .862   .737   .263   3.10   .504   .001   2
  17 GLA871   1893 2015    123      5      0    .614   2.19   4.97   .971   .825   .232   2.59   .427   .040   1
  18 GLA872   1886 2015    130      5      0    .588   2.55   4.87   .980   .675   .228   2.91   .417   .036   3
  19 GLA873   1911 2015    105      4      0    .696   2.61   4.81   .922   .676   .222   2.73   .486   .026   1
 --- -------- ---------  -----  -----  -----   ------ -----  -----  -----  -----  -----  -----  -----  -----  --
 Total or mean:           2302     91      4    .649   2.03  10.20   .941   .717   .246   3.10   .441   .006

                                              - = [  COFECHA GLA  COF  ] = -
