[]  Dendrochronology Program Library                                        Run PLE    Program COF  09:13  Fri 18 Nov 2016  Page   1
[]
[]  P R O G R A M      C O F E C H A                                                                          Version 6.06P    29909
------------------------------------------------------------------------------------------------------------------------------------

 QUALITY CONTROL AND DATING CHECK OF TREE-RING MEASUREMENTS

 Title of run:           PLE                                     

 File of DATED series:   PLE.rwl

 CONTENTS:

    Part 1:  Title page, options selected, summary, absent rings by series
    Part 2:  Histogram of time spans
    Part 3:  Master series with sample depth and absent rings by year
    Part 4:  Bar plot of Master Dating Series
    Part 5:  Correlation by segment of each series with Master
    Part 6:  Potential problems: low correlation, divergent year-to-year changes, absent rings, outliers
    Part 7:  Descriptive statistics

 RUN CONTROL OPTIONS SELECTED                             VALUE

         1  Cubic smoothing spline 50% wavelength cutoff for filtering
                                                            32 years
         2  Segments examined are                           50 years lagged successively by  25 years
         3  Autoregressive model applied                     A  Residuals are used in master dating series and testing
         4  Series transformed to logarithms                 Y  Each series log-transformed for master dating series and testing
         5  CORRELATION is Pearson (parametric, quantitative)
            Critical correlation, 99% confidence level   .3281
         6  Master dating series saved                       N
         7  Ring measurements listed                         N
         8  Parts printed                              1234567 
         9  Absent rings are omitted from master series and segment correlations  (Y)

 Time span of Master dating series is  1770 to  2015   246 years
 Continuous time span is               1770 to  2015   246 years
 Portion with two or more series is    1777 to  2015   239 years


                                        ****************************************
                                        *C* Number of dated series        15 *C*
                                        *O* Master series 1770 2015  246 yrs *O*
                                        *F* Total rings in all series   2713 *F*
                                        *E* Total dated rings checked   2706 *E*
                                        *C* Series intercorrelation     .531 *C*
                                        *H* Average mean sensitivity    .192 *H*
                                        *A* Segments, possible problems   18 *A*
                                        *** Mean length of series      180.9 ***
                                        ****************************************

 ABSENT RINGS listed by SERIES:            (See Master Dating Series for absent rings listed by year)

               No ring measurements of zero value
PART 2:  TIME PLOT OF TREE-RING SERIES: PLE                                                        09:13  Fri 18 Nov 2016  Page   2
------------------------------------------------------------------------------------------------------------------------------------
 1050 1100 1150 1200 1250 1300 1350 1400 1450 1500 1550 1600 1650 1700 1750 1800 1850 1900 1950 2000 2050 Ident   Seq Time-span  Yrs
   :    :    :    :    :    :    :    :    :    :    :    :    :    :    :    :    :    :    :    :    : -------- --- ---- ---- ----
   .    .    .    .    .    .    .    .    .    .    .    .    .    .    .    .  <=================>   . PLE230     1 1833 2015  183
   .    .    .    .    .    .    .    .    .    .    .    .    .    .    . <=======================>   . PLE231     2 1777 2015  239
   .    .    .    .    .    .    .    .    .    .    .    .    .    .    . <=======================>   . PLE232     3 1770 2015  246
   .    .    .    .    .    .    .    .    .    .    .    .    .    .    .  <======================>   . PLE233     4 1783 2015  233
   .    .    .    .    .    .    .    .    .    .    .    .    .    .    .    .    <===============>   . PLE710     5 1859 2015  157
   .    .    .    .    .    .    .    .    .    .    .    .    .    .    .    .    .<==============>   . PLE711     6 1860 2015  156
   .    .    .    .    .    .    .    .    .    .    .    .    .    .    .    .    <===============>   . PLE712     7 1854 2015  162
   .    .    .    .    .    .    .    .    .    .    .    .    .    .    .    .    <===============>   . PLE720     8 1856 2015  160
   .    .    .    .    .    .    .    .    .    .    .    .    .    .    .    .    <===============>   . PLE721     9 1854 2015  162
   .    .    .    .    .    .    .    .    .    .    .    .    .    .    .    .    <===============>   . PLE722    10 1850 2015  166
   .    .    .    .    .    .    .    .    .    .    .    .    .    .    .    .  <=================>   . PLE723    11 1838 2015  178
   .    .    .    .    .    .    .    .    .    .    .    .    .    .    .    .    .<==============>   . PLE724    12 1862 2015  154
   .    .    .    .    .    .    .    .    .    .    .    .    .    .    .    .    <===============>   . PLE725    13 1850 2015  166
   .    .    .    .    .    .    .    .    .    .    .    .    .    .    .    .   <================>   . PLE726    14 1841 2015  175
   .    .    .    .    .    .    .    .    .    .    .    .    .    .    .    .   <================>   . PLE727    15 1840 2015  176
   :    :    :    :    :    :    :    :    :    :    :    :    :    :    :    :    :    :    :    :    :
 1050 1100 1150 1200 1250 1300 1350 1400 1450 1500 1550 1600 1650 1700 1750 1800 1850 1900 1950 2000 2050
PART 3:  Master Dating Series: PLE                                                                 09:13  Fri 18 Nov 2016  Page   3
------------------------------------------------------------------------------------------------------------------------------------
  Year  Value  No Ab    Year  Value  No Ab    Year  Value  No Ab    Year  Value  No Ab    Year  Value  No Ab    Year  Value  No Ab
  ------------------    ------------------    ------------------    ------------------    ------------------    ------------------
                        1800  -.889   3       1850  -.778   9       1900  -.576  15       1950  1.211  15       2000  -.243  15
                        1801 -1.769   3       1851   .303   9       1901  -.201  15       1951  -.493  15       2001   .279  15
                        1802 -1.714   3       1852   .627   9       1902   .720  15       1952   .458  15       2002   .605  15
                        1803   .788   3       1853  -.417   9       1903  1.390  15       1953  -.182  15       2003  -.781  15
                        1804 -1.345   3       1854   .423  11       1904   .369  15       1954  1.246  15       2004  -.267  15
                        1805  -.257   3       1855   .877  11       1905   .499  15       1955   .547  15       2005 -1.631  15
                        1806  -.043   3       1856  -.202  12       1906 -1.538  15       1956  -.507  15       2006  -.704  15
                        1807  -.075   3       1857  -.515  12       1907  -.635  15       1957   .835  15       2007 -1.480  15
                        1808   .673   3       1858 -1.012  12       1908  -.625  15       1958  -.894  15       2008  1.379  15
                        1809   .759   3       1859  -.731  13       1909 -1.099  15       1959  1.165  15       2009  -.430  15

                        1810   .884   3       1860  -.308  14       1910 -2.110  15       1960  -.150  15       2010  1.802  15
                        1811   .355   3       1861 -1.127  14       1911 -1.462  15       1961  1.247  15       2011   .766  15
                        1812   .032   3       1862  -.063  15       1912  1.158  15       1962  -.437  15       2012  -.819  15
                        1813 -2.323   3       1863  -.315  15       1913   .707  15       1963 -2.527  15       2013  -.046  15
                        1814   .665   3       1864  -.784  15       1914  -.689  15       1964   .636  15       2014   .250  15
                        1815   .955   3       1865   .034  15       1915  1.249  15       1965  -.825  15       2015  -.234  15
                        1816   .162   3       1866  2.164  15       1916  1.178  15       1966  -.297  15
                        1817   .151   3       1867  1.813  15       1917  1.028  15       1967  -.340  15
                        1818  1.168   3       1868  -.424  15       1918   .002  15       1968  -.181  15
                        1819  -.152   3       1869   .510  15       1919  -.544  15       1969  1.278  15

  1770   .554   1       1820 -1.078   3       1870 -1.783  15       1920  -.765  15       1970 -1.243  15
  1771 -2.924   1       1821 -1.024   3       1871   .497  15       1921  -.953  15       1971   .877  15
  1772 -1.486   1       1822   .581   3       1872   .307  15       1922   .654  15       1972  1.484  15
  1773  1.334   1       1823  -.407   3       1873   .756  15       1923  -.932  15       1973  -.593  15
  1774  1.118   1       1824   .468   3       1874   .339  15       1924  1.481  15       1974   .078  15
  1775 -2.155   1       1825  1.672   3       1875   .054  15       1925   .838  15       1975   .420  15
  1776  -.063   1       1826  1.581   3       1876   .042  15       1926   .250  15       1976 -2.170  15
  1777  1.261   2       1827  1.336   3       1877  -.689  15       1927   .475  15       1977 -1.405  15
  1778  -.236   2       1828   .863   3       1878 -1.420  15       1928   .981  15       1978  1.808  15
  1779 -1.571   2       1829  -.489   3       1879  -.437  15       1929  1.055  15       1979  1.271  15

  1780  -.625   2       1830   .073   3       1880   .479  15       1930   .261  15       1980  1.309  15
  1781   .721   2       1831   .146   3       1881  -.083  15       1931  -.957  15       1981  -.122  15
  1782   .598   2       1832  1.110   3       1882  -.566  15       1932  -.104  15       1982   .749  15
  1783  1.847   3       1833  -.972   4       1883   .329  15       1933  -.529  15       1983 -1.649  15
  1784   .432   3       1834  -.129   4       1884  2.067  15       1934 -2.440  15       1984   .584  15
  1785  -.905   3       1835  -.852   4       1885  1.977  15       1935  2.363  15       1985  -.195  15
  1786  -.462   3       1836  -.245   4       1886  -.401  15       1936  -.920  15       1986   .695  15
  1787  -.667   3       1837  -.588   4       1887  -.446  15       1937   .200  15       1987   .415  15
  1788  -.158   3       1838 -1.459   5       1888   .455  15       1938   .876  15       1988 -1.854  15
  1789   .327   3       1839  -.752   5       1889  -.291  15       1939  -.970  15       1989  -.811  15

  1790   .747   3       1840 -1.181   6       1890  -.820  15       1940 -1.103  15       1990   .459  15
  1791   .834   3       1841   .792   7       1891 -1.888  15       1941  -.369  15       1991  -.751  15
  1792  -.022   3       1842  1.486   7       1892  -.273  15       1942  1.492  15       1992  -.761  15
  1793  -.202   3       1843   .204   7       1893  -.082  15       1943  -.983  15       1993  2.024  15
  1794  1.168   3       1844   .916   7       1894  -.306  15       1944  -.745  15       1994 -1.101  15
  1795   .826   3       1845 -1.268   7       1895 -2.718  15       1945   .249  15       1995   .641  15
  1796   .378   3       1846   .435   7       1896  -.002  15       1946  -.120  15       1996  -.365  15
  1797   .231   3       1847   .513   7       1897  1.404  15       1947   .336  15       1997   .572  15
  1798   .504   3       1848   .134   7       1898  1.053  15       1948 -2.061  15       1998  1.407  15
  1799  -.072   3       1849   .454   7       1899   .655  15       1949   .705  15       1999   .938  15
------------------------------------------------------------------------------------------------------------------------------------
PART 4:  Master Bar Plot: PLE                                                                      09:13  Fri 18 Nov 2016  Page   4
------------------------------------------------------------------------------------------------------------------------------------
   Year Rel value  Year Rel value  Year Rel value  Year Rel value  Year Rel value  Year Rel value  Year Rel value  Year Rel value
                   1800-d          1850--c         1900---b        1950---------E  2000----a
                   1801g           1851------A     1901----a       1951---b        2001------A
                   1802g           1852-------C    1902--------C   1952-------B    2002-------B
                   1803--------C   1853---b        1903----------F 1953----a       2003--c
                   1804-e          1854------B     1904------A     1954---------E  2004----a
                   1805----a       1855--------D   1905-------B    1955-------B    2005g
                   1806-----@      1856----a       1906f           1956---b        2006--c
                   1807-----@      1857---b        1907--c         1957--------C   2007f
                   1808--------C   1858-d          1908--b         1958-d          2008----------F
                   1809--------C   1859--c         1909-d          1959---------E  2009---b
                   1810--------D   1860----a       1910h           1960----a       2010----------G
                   1811------A     1861-e          1911f           1961---------E  2011--------C
                   1812-----@      1862-----@      1912---------E  1962---b        2012--c
                   1813i           1863----a       1913--------C   1963j           2013-----@
                   1814--------C   1864--c         1914--c         1964-------C    2014------A
                   1815--------D   1865-----@      1915---------E  1965--c         2015----a
                   1816-----A      1866----------I 1916---------E  1966----a
                   1817-----A      1867----------G 1917---------D  1967---a
                   1818---------E  1868---b        1918-----@      1968----a
                   1819----a       1869-------B    1919---b        1969---------E
   1770-------B    1820-d          1870g           1920--c         1970-e
   1771l           1821-d          1871-------B    1921-d          1971--------D
   1772f           1822-------B    1872------A     1922--------C   1972----------F
   1773---------E  1823---b        1873--------C   1923-d          1973---b
   1774---------D  1824-------B    1874------A     1924----------F 1974-----@
   1775i           1825----------G 1875-----@      1925--------C   1975------B
   1776-----@      1826----------F 1876-----@      1926------A     1976i
   1777---------E  1827---------E  1877--c         1927-------B    1977f
   1778----a       1828--------C   1878f           1928---------D  1978----------G
   1779f           1829---b        1879---b        1929---------D  1979---------E
   1780--b         1830-----@      1880-------B    1930------A     1980---------E
   1781--------C   1831-----A      1881-----@      1931-d          1981----@
   1782-------B    1832---------D  1882---b        1932----@       1982--------C
   1783----------G 1833-d          1883------A     1933---b        1983g
   1784------B     1834----a       1884----------H 1934j           1984-------B
   1785-d          1835--c         1885----------H 1935----------I 1985----a
   1786---b        1836----a       1886---b        1936-d          1986--------C
   1787--c         1837---b        1887---b        1937------A     1987------B
   1788----a       1838f           1888-------B    1938--------D   1988g
   1789------A     1839--c         1889----a       1939-d          1989--c
   1790--------C   1840-e          1890--c         1940-d          1990-------B
   1791--------C   1841--------C   1891h           1941---a        1991--c
   1792-----@      1842----------F 1892----a       1942----------F 1992--c
   1793----a       1843------A     1893-----@      1943-d          1993----------H
   1794---------E  1844--------D   1894----a       1944--c         1994-d
   1795--------C   1845-e          1895k           1945------A     1995-------C
   1796------B     1846------B     1896-----@      1946----@       1996---a
   1797------A     1847-------B    1897----------F 1947------A     1997-------B
   1798-------B    1848-----A      1898---------D  1948h           1998----------F
   1799-----@      1849-------B    1899--------C   1949--------C   1999--------D
PART 5:  CORRELATION OF SERIES BY SEGMENTS: PLE                                                    09:13  Fri 18 Nov 2016  Page   5
------------------------------------------------------------------------------------------------------------------------------------
 Correlations of  50-year dated segments, lagged  25 years
 Flags:  A = correlation under   .3281 but highest as dated;  B = correlation higher at other than dated position

 Seq Series  Time_span   1775 1800 1825 1850 1875 1900 1925 1950 1975
                         1824 1849 1874 1899 1924 1949 1974 1999 2024
 --- -------- ---------  ---- ---- ---- ---- ---- ---- ---- ---- ---- ---- ---- ---- ---- ---- ---- ---- ---- ---- ---- ----
   1 PLE230   1833 2015             .18B .57  .57  .35  .28A .49  .43
   2 PLE231   1777 2015   .18B .11B .18B .51  .49  .32A .39  .57  .49
   3 PLE232   1770 2015   .05B .26B .38  .24A .29B .62  .39  .45  .57
   4 PLE233   1783 2015  -.01B .19A .51  .51  .54  .59  .52  .52  .44
   5 PLE710   1859 2015                  .59  .43  .31A .51  .68  .68
   6 PLE711   1860 2015                  .62  .50  .44  .57  .72  .69
   7 PLE712   1854 2015                  .15B .33B .47  .61  .60  .59
   8 PLE720   1856 2015                  .63  .75  .73  .77  .73  .69
   9 PLE721   1854 2015                  .66  .68  .75  .77  .73  .71
  10 PLE722   1850 2015                  .67  .74  .76  .70  .56  .51
  11 PLE723   1838 2015             .71  .82  .82  .80  .79  .77  .73
  12 PLE724   1862 2015                  .76  .76  .74  .78  .77  .70
  13 PLE725   1850 2015                  .84  .84  .72  .68  .62  .54
  14 PLE726   1841 2015             .08B-.01B .11B .51  .74  .61  .55
  15 PLE727   1840 2015             .36  .61  .55  .62  .70  .63  .58
 Av segment correlation   .07  .19  .34  .54  .56  .58  .61  .63  .59
PART 6:  POTENTIAL PROBLEMS: PLE                                                                   09:13  Fri 18 Nov 2016  Page   5
------------------------------------------------------------------------------------------------------------------------------------

 For each series with potential problems the following diagnostics may appear:

 [A] Correlations with master dating series of flagged  50-year segments of series filtered with  32-year spline,
     at every point from ten years earlier (-10) to ten years later (+10) than dated

 [B] Effect of those data values which most lower or raise correlation with master series
     Symbol following year indicates value in series is greater (>) or lesser (<) than master series value

 [C] Year-to-year changes very different from the mean change in other series

 [D] Absent rings (zero values)

 [E] Values which are statistical outliers from mean for the year
====================================================================================================================================

 PLE230    1833 to  2015     183 years                                                                                    Series   1

 [A] Segment   High   -10   -9   -8   -7   -6   -5   -4   -3   -2   -1   +0   +1   +2   +3   +4   +5   +6   +7   +8   +9  +10
    ---------  ----   ---  ---  ---  ---  ---  ---  ---  ---  ---  ---  ---  ---  ---  ---  ---  ---  ---  ---  ---  ---  ---
    1833 1882   -8    .00 -.13  .23* .00  .05  .18 -.07  .22 -.14 -.09  .18| .09  .22 -.07 -.08 -.13 -.07 -.06 -.22 -.04 -.13
    - - - - - - - - - - - - - - - - - - - - - - - - - - - - - - - - - - - - - - - - - - - - - - - - - - - - - - - - - - - - -
    1925 1974    0    .17 -.05  .02  .09  .08  .16 -.20  .08 -.21 -.11  .28* .00 -.05  .00 -.14  .04  .09  .09  .04 -.09 -.10

 [B] Entire series, effect on correlation (  .366) is:
       Lower   1835> -.028   2014< -.022   1936> -.018   1843< -.014   1957< -.012   1910> -.010  Higher   1895  .026   1983  .016
     1833 to 1882 segment:
       Lower   1835> -.108   1843< -.054   1870> -.033   1844< -.033   1876< -.020   1853< -.010  Higher   1842  .043   1866  .039
     1925 to 1974 segment:
       Lower   1936> -.070   1957< -.050   1948> -.030   1965> -.022   1960> -.019   1968< -.018  Higher   1935  .080   1970  .026

 [E] Outliers     2   3.0 SD above or -4.5 SD below mean for year
       1835 +4.4 SD;    1936 +3.6 SD
====================================================================================================================================

 PLE231    1777 to  2015     239 years                                                                                    Series   2

 [A] Segment   High   -10   -9   -8   -7   -6   -5   -4   -3   -2   -1   +0   +1   +2   +3   +4   +5   +6   +7   +8   +9  +10
    ---------  ----   ---  ---  ---  ---  ---  ---  ---  ---  ---  ---  ---  ---  ---  ---  ---  ---  ---  ---  ---  ---  ---
    1777 1826   -1      -    -    -  .02 -.14 -.06  .05  .05 -.07  .24* .18| .09 -.09 -.27  .02 -.12  .13  .07  .07  .07 -.29
    1800 1849   -1   -.07  .00 -.28 -.03 -.09 -.04  .22 -.03  .22  .23* .11|-.11 -.22 -.04 -.09  .15  .04  .06  .20 -.15  .04
    1825 1874    8   -.02  .05 -.28  .05  .04 -.01  .21 -.17  .24  .09  .18|-.06 -.23 -.01 -.24  .08  .01  .06  .29*-.07  .14
    - - - - - - - - - - - - - - - - - - - - - - - - - - - - - - - - - - - - - - - - - - - - - - - - - - - - - - - - - - - - -
    1900 1949    0   -.06  .09 -.18 -.04 -.14  .03 -.09 -.10 -.07 -.29  .32* .21  .02  .01 -.18  .23 -.27 -.24  .21  .09 -.04

 [B] Entire series, effect on correlation (  .344) is:
       Lower   1849< -.018   1830< -.014   1934> -.013   1884< -.012   1998< -.010   1829> -.010  Higher   1895  .022   1976  .016
     1777 to 1826 segment:
       Lower   1814< -.052   1781< -.039   1808> -.037   1778< -.025   1824< -.023   1810> -.023  Higher   1813  .099   1802  .030
     1800 to 1849 segment:
       Lower   1849< -.058   1830< -.048   1829> -.039   1814< -.030   1834> -.022   1808> -.021  Higher   1813  .061   1838  .028
     1825 to 1874 segment:
       Lower   1849< -.067   1830< -.056   1829> -.042   1859> -.028   1834> -.022   1836> -.020  Higher   1870  .095   1866  .054
     1900 to 1949 segment:
       Lower   1934> -.065   1925< -.049   1906> -.041   1914> -.026   1926< -.019   1910> -.017  Higher   1948  .038   1935  .035

 [E] Outliers     2   3.0 SD above or -4.5 SD below mean for year
       1808 +3.2 SD;    1810 +3.0 SD
====================================================================================================================================

 PLE232    1770 to  2015     246 years                                                                                    Series   3

 [*] Early part of series cannot be checked from 1770 to 1776 -- not matched by another series

 [A] Segment   High   -10   -9   -8   -7   -6   -5   -4   -3   -2   -1   +0   +1   +2   +3   +4   +5   +6   +7   +8   +9  +10
    ---------  ----   ---  ---  ---  ---  ---  ---  ---  ---  ---  ---  ---  ---  ---  ---  ---  ---  ---  ---  ---  ---  ---
    1777 1826    1      -    -    -  .02 -.07 -.22  .11 -.02 -.32 -.04  .05| .34* .09  .12  .06 -.09 -.06 -.04  .19 -.22  .04
    1800 1849    4   -.21 -.11 -.02 -.08 -.07 -.02 -.21 -.05 -.22 -.12  .26| .23  .18  .17  .33*-.02 -.04  .06 -.14 -.02 -.09
    - - - - - - - - - - - - - - - - - - - - - - - - - - - - - - - - - - - - - - - - - - - - - - - - - - - - - - - - - - - - -
    1850 1899    0   -.10 -.08  .22  .04  .00  .05 -.05 -.10 -.08 -.22  .24* .15  .00 -.01 -.02 -.08  .11  .14  .09  .11 -.23
    1875 1924    1   -.16 -.05  .03 -.30 -.36 -.11  .23  .12 -.08 -.13  .29| .34* .10 -.10 -.04 -.03 -.10 -.09 -.02  .09 -.03

 [B] Entire series, effect on correlation (  .337) is:
       Lower   1895> -.018   1855< -.014   1791< -.013   1786> -.012   1964< -.010   1959< -.009  Higher   1870  .020   1934  .019
     1777 to 1826 segment:
       Lower   1791< -.059   1786> -.053   1793> -.028   1807> -.025   1781> -.024   1796< -.024  Higher   1813  .101   1783  .035
     1800 to 1849 segment:
       Lower   1834< -.041   1807> -.031   1829< -.028   1816< -.027   1804> -.025   1830> -.022  Higher   1813  .073   1845  .030
     1850 to 1899 segment:
       Lower   1895> -.094   1855< -.059   1899< -.018   1884< -.016   1891> -.015   1877> -.010  Higher   1870  .143   1861  .028
     1875 to 1924 segment:
       Lower   1895> -.092   1906> -.027   1899< -.023   1884< -.021   1894< -.019   1891> -.013  Higher   1910  .076   1915  .022

 [E] Outliers     2   3.0 SD above or -4.5 SD below mean for year
       1781 +3.2 SD;    1786 +3.5 SD
====================================================================================================================================

 PLE233    1783 to  2015     233 years                                                                                    Series   4

 [A] Segment   High   -10   -9   -8   -7   -6   -5   -4   -3   -2   -1   +0   +1   +2   +3   +4   +5   +6   +7   +8   +9  +10
    ---------  ----   ---  ---  ---  ---  ---  ---  ---  ---  ---  ---  ---  ---  ---  ---  ---  ---  ---  ---  ---  ---  ---
    1783 1832   -8    .02  .00  .31* .22  .23  .02  .06 -.04  .07  .02 -.01|-.14 -.21  .02 -.02 -.01  .04  .00 -.07  .11 -.03
    1800 1849    0   -.18 -.12  .12  .09  .15  .17  .06 -.02  .10 -.14  .19*-.06 -.08  .09 -.02  .18 -.07 -.11 -.05  .02  .07

 [B] Entire series, effect on correlation (  .410) is:
       Lower   1808< -.017   1807< -.010   1797< -.009   1786< -.009   1999< -.008   1878> -.008  Higher   1934  .022   1870  .016
     1783 to 1832 segment:
       Lower   1808< -.068   1807< -.035   1797< -.034   1786< -.027   1799> -.022   1800> -.019  Higher   1813  .089   1804  .035
     1800 to 1849 segment:
       Lower   1808< -.077   1807< -.044   1835< -.024   1800> -.023   1805> -.018   1830> -.016  Higher   1813  .052   1845  .035

====================================================================================================================================

 PLE710    1859 to  2015     157 years                                                                                    Series   5

 [A] Segment   High   -10   -9   -8   -7   -6   -5   -4   -3   -2   -1   +0   +1   +2   +3   +4   +5   +6   +7   +8   +9  +10
    ---------  ----   ---  ---  ---  ---  ---  ---  ---  ---  ---  ---  ---  ---  ---  ---  ---  ---  ---  ---  ---  ---  ---
    1900 1949    0    .09 -.13 -.05  .12  .08 -.10 -.01 -.02 -.15  .01  .31* .01 -.06  .21  .04 -.08 -.14 -.08  .02 -.09 -.12

 [B] Entire series, effect on correlation (  .524) is:
       Lower   1910> -.026   1949< -.018   1917< -.016   1934> -.015   1859> -.014   1923> -.012  Higher   1895  .014   1976  .014
     1900 to 1949 segment:
       Lower   1910> -.066   1949< -.044   1917< -.040   1934> -.032   1923> -.029   1947< -.026  Higher   1906  .061   1935  .051

 [E] Outliers     2   3.0 SD above or -4.5 SD below mean for year
       1859 +3.3 SD;    1910 +3.1 SD
====================================================================================================================================

 PLE711    1860 to  2015     156 years                                                                                    Series   6

 [B] Entire series, effect on correlation (  .586) is:
       Lower   1916< -.016   1940< -.015   1882> -.010   1923> -.010   1910> -.009   1921> -.009  Higher   1895  .018   1976  .018

====================================================================================================================================

 PLE712    1854 to  2015     162 years                                                                                    Series   7

 [A] Segment   High   -10   -9   -8   -7   -6   -5   -4   -3   -2   -1   +0   +1   +2   +3   +4   +5   +6   +7   +8   +9  +10
    ---------  ----   ---  ---  ---  ---  ---  ---  ---  ---  ---  ---  ---  ---  ---  ---  ---  ---  ---  ---  ---  ---  ---
    1854 1903    1   -.06 -.03  .03 -.04 -.10 -.21  .06 -.05 -.04 -.02  .15| .47*-.02 -.16 -.08  .21 -.07 -.19 -.26  .11  .05
    1875 1924    1   -.11  .04  .02 -.06 -.16 -.07  .05  .19  .03  .02  .33| .52* .04 -.21  .04  .13 -.15 -.30 -.34  .00  .04

 [B] Entire series, effect on correlation (  .433) is:
       Lower   1909< -.035   1870> -.014   1906> -.013   1858> -.012   1934> -.010   1921> -.009  Higher   1910  .018   1988  .016
     1854 to 1903 segment:
       Lower   1858> -.046   1870> -.036   1857> -.031   1869< -.029   1871< -.027   1897< -.026  Higher   1895  .107   1884  .058
     1875 to 1924 segment:
       Lower   1909< -.085   1906> -.037   1921> -.024   1897< -.023   1885< -.019   1882> -.010  Higher   1910  .069   1895  .033

 [E] Outliers     2   3.0 SD above or -4.5 SD below mean for year
       1858 +3.2 SD;    1909 -4.6 SD
====================================================================================================================================

 PLE720    1856 to  2015     160 years                                                                                    Series   8

 [B] Entire series, effect on correlation (  .682) is:
       Lower   1856> -.012   1977> -.010   1868< -.010   1870> -.009   1908> -.008   1909> -.007  Higher   1895  .023   1948  .010

====================================================================================================================================

 PLE721    1854 to  2015     162 years                                                                                    Series   9

 [B] Entire series, effect on correlation (  .700) is:
       Lower   2010< -.012   1977> -.011   1950< -.010   1904< -.009   1882< -.007   1861> -.005  Higher   1976  .012   1934  .011

====================================================================================================================================

 PLE722    1850 to  2015     166 years                                                                                    Series  10

 [B] Entire series, effect on correlation (  .655) is:
       Lower   1976> -.023   1980< -.012   1992< -.010   1858< -.010   1957< -.008   1989> -.008  Higher   1963  .014   1895  .014

====================================================================================================================================

 PLE723    1838 to  2015     178 years                                                                                    Series  11

 [B] Entire series, effect on correlation (  .763) is:
       Lower   1838< -.011   1983> -.008   2009> -.006   1972< -.005   1997< -.004   1860> -.003  Higher   1895  .013   1963  .011

====================================================================================================================================

 PLE724    1862 to  2015     154 years                                                                                    Series  12

 [B] Entire series, effect on correlation (  .753) is:
       Lower   1989< -.011   1983> -.007   1972< -.006   2009> -.005   1939> -.005   1938< -.005  Higher   1895  .016   1976  .010

====================================================================================================================================

 PLE725    1850 to  2015     166 years                                                                                    Series  13

 [B] Entire series, effect on correlation (  .694) is:
       Lower   1977< -.018   1948> -.012   2004< -.011   1976> -.007   1909> -.006   1938< -.006  Higher   1895  .022   1934  .014

====================================================================================================================================

 PLE726    1841 to  2015     175 years                                                                                    Series  14

 [A] Segment   High   -10   -9   -8   -7   -6   -5   -4   -3   -2   -1   +0   +1   +2   +3   +4   +5   +6   +7   +8   +9  +10
    ---------  ----   ---  ---  ---  ---  ---  ---  ---  ---  ---  ---  ---  ---  ---  ---  ---  ---  ---  ---  ---  ---  ---
    1841 1890   -1    .03 -.06 -.09 -.27 -.02 -.07 -.08 -.16 -.14  .66* .08|-.04 -.13  .04  .06 -.07 -.20  .01  .24 -.37 -.05
    1850 1899   -1    .06 -.03 -.21 -.32 -.03  .09 -.06 -.18 -.07  .76*-.01|-.05 -.19  .12  .20 -.10 -.22 -.07  .19 -.36  .01
    1875 1924   -1    .15 -.04 -.40 -.27 -.18  .05 -.22 -.23 -.02  .55* .11|-.10  .03  .03  .28 -.08 -.33 -.12 -.02  .00  .00

 [B] Entire series, effect on correlation (  .410) is:
       Lower   1895> -.038   1870> -.017   1896< -.014   1861> -.011   1868> -.010   1851< -.010  Higher   1963  .032   1948  .025
     1841 to 1890 segment:
       Lower   1870> -.056   1861> -.041   1868> -.040   1851< -.034   1871< -.029   1889> -.024  Higher   1867  .049   1885  .049
     1850 to 1899 segment:
       Lower   1895> -.090   1870> -.036   1896< -.032   1861> -.029   1851< -.028   1868> -.027  Higher   1867  .048   1885  .048
     1875 to 1924 segment:
       Lower   1895> -.105   1896< -.039   1905< -.019   1922< -.018   1889> -.016   1914> -.016  Higher   1885  .042   1903  .037

 [C] Year-to-year changes diverging by over 4.0 std deviations:
       1895 1896  -4.4 SD

 [E] Outliers     1   3.0 SD above or -4.5 SD below mean for year
       1895 +3.9 SD
====================================================================================================================================

 PLE727    1840 to  2015     176 years                                                                                    Series  15

 [B] Entire series, effect on correlation (  .559) is:
       Lower   1840> -.021   1910> -.015   2007< -.015   1976> -.013   1878> -.012   1913< -.006  Higher   1895  .017   1988  .012

 [E] Outliers     1   3.0 SD above or -4.5 SD below mean for year
       1840 +3.0 SD
====================================================================================================================================
PART 7:  DESCRIPTIVE STATISTICS: PLE                                                               09:13  Fri 18 Nov 2016  Page   6
------------------------------------------------------------------------------------------------------------------------------------

                                                Corr   //-------- Unfiltered --------\\  //---- Filtered -----\\
                           No.    No.    No.    with   Mean   Max     Std   Auto   Mean   Max     Std   Auto  AR
 Seq Series   Interval   Years  Segmt  Flags   Master  msmt   msmt    dev   corr   sens  value    dev   corr  ()
 --- -------- ---------  -----  -----  -----   ------ -----  -----  -----  -----  -----  -----  -----  -----  --
   1 PLE230   1833 2015    183      7      2    .366   1.23   6.09   .646   .703   .188   2.86   .483  -.059   1
   2 PLE231   1777 2015    239      9      4    .344    .94   2.53   .343   .778   .176   2.84   .432  -.052   1
   3 PLE232   1770 2015    246      9      4    .337    .98   2.12   .309   .757   .171   2.76   .412   .003   1
   4 PLE233   1783 2015    233      9      2    .410    .96   1.64   .266   .689   .176   2.54   .365  -.039   1
   5 PLE710   1859 2015    157      6      1    .524   1.42   3.48   .387   .737   .139   2.65   .415  -.037   1
   6 PLE711   1860 2015    156      6      0    .586   1.57   3.98   .502   .750   .146   2.79   .492  -.037   1
   7 PLE712   1854 2015    162      6      2    .433   1.52   2.94   .494   .857   .137   2.49   .332   .062   1
   8 PLE720   1856 2015    160      6      0    .682   1.50   3.49   .510   .460   .268   2.85   .447  -.046   1
   9 PLE721   1854 2015    162      6      0    .700   1.43   3.33   .571   .668   .237   2.76   .516  -.050   1
  10 PLE722   1850 2015    166      6      0    .655   1.67   4.33   .714   .692   .267   2.68   .406   .018   1
  11 PLE723   1838 2015    178      7      0    .763   1.23   2.78   .445   .678   .230   2.82   .539  -.014   1
  12 PLE724   1862 2015    154      6      0    .753   1.51   2.47   .379   .466   .210   2.72   .480  -.003   1
  13 PLE725   1850 2015    166      6      0    .694   1.35   3.50   .487   .665   .222   2.65   .475  -.027   1
  14 PLE726   1841 2015    175      7      3    .410   1.53   3.49   .543   .782   .166   2.63   .412  -.062   1
  15 PLE727   1840 2015    176      7      0    .559   1.24   3.25   .454   .765   .166   2.64   .374  -.056   1
 --- -------- ---------  -----  -----  -----   ------ -----  -----  -----  -----  -----  -----  -----  -----  --
 Total or mean:           2713    103     18    .531   1.30   6.09   .458   .702   .192   2.86   .436  -.027

                                              - = [  COFECHA PLE  COF  ] = -
