[]  Dendrochronology Program Library                                        Run UNC1   Program COF  10:49  Fri 02 Dec 2016  Page   1
[]
[]  P R O G R A M      C O F E C H A                                                                          Version 6.06P    29923
------------------------------------------------------------------------------------------------------------------------------------

 QUALITY CONTROL AND DATING CHECK OF TREE-RING MEASUREMENTS

 Title of run:           unc1                                    

 File of DATED series:   unc1.rwl

 CONTENTS:

    Part 1:  Title page, options selected, summary, absent rings by series
    Part 2:  Histogram of time spans
    Part 3:  Master series with sample depth and absent rings by year
    Part 4:  Bar plot of Master Dating Series
    Part 5:  Correlation by segment of each series with Master
    Part 6:  Potential problems: low correlation, divergent year-to-year changes, absent rings, outliers
    Part 7:  Descriptive statistics

 RUN CONTROL OPTIONS SELECTED                             VALUE

         1  Cubic smoothing spline 50% wavelength cutoff for filtering
                                                            32 years
         2  Segments examined are                           50 years lagged successively by  25 years
         3  Autoregressive model applied                     A  Residuals are used in master dating series and testing
         4  Series transformed to logarithms                 Y  Each series log-transformed for master dating series and testing
         5  CORRELATION is Pearson (parametric, quantitative)
            Critical correlation, 99% confidence level   .3281
         6  Master dating series saved                       N
         7  Ring measurements listed                         N
         8  Parts printed                              1234567 
         9  Absent rings are omitted from master series and segment correlations  (Y)

 Time span of Master dating series is  1889 to  2016   128 years
 Continuous time span is               1889 to  2016   128 years
 Portion with two or more series is    1919 to  2016    98 years


                                        ****************************************
                                        *C* Number of dated series        31 *C*
                                        *O* Master series 1889 2016  128 yrs *O*
                                        *F* Total rings in all series   1556 *F*
                                        *E* Total dated rings checked   1526 *E*
                                        *C* Series intercorrelation     .458 *C*
                                        *H* Average mean sensitivity    .247 *H*
                                        *A* Segments, possible problems    6 *A*
                                        *** Mean length of series       50.2 ***
                                        ****************************************

 ABSENT RINGS listed by SERIES:            (See Master Dating Series for absent rings listed by year)

               No ring measurements of zero value
PART 2:  TIME PLOT OF TREE-RING SERIES: unc1                                                       10:49  Fri 02 Dec 2016  Page   2
------------------------------------------------------------------------------------------------------------------------------------
 1050 1100 1150 1200 1250 1300 1350 1400 1450 1500 1550 1600 1650 1700 1750 1800 1850 1900 1950 2000 2050 Ident   Seq Time-span  Yrs
   :    :    :    :    :    :    :    :    :    :    :    :    :    :    :    :    :    :    :    :    : -------- --- ---- ---- ----
   .    .    .    .    .    .    .    .    .    .    .    .    .    .    .    .    .    .    . <===>   . UNC1a1     1 1978 2016   39
   .    .    .    .    .    .    .    .    .    .    .    .    .    .    .    .    .    .    .<====>   . UNC10a     2 1962 2016   55
   .    .    .    .    .    .    .    .    .    .    .    .    .    .    .    .    .    .    .<====>   . UNC11a     3 1969 2016   48
   .    .    .    .    .    .    .    .    .    .    .    .    .    .    .    .    .    .    <=====>   . UNC12a     4 1959 2016   58
   .    .    .    .    .    .    .    .    .    .    .    .    .    .    .    .    .    .    .<====>   . UNC12b     5 1963 2016   54
   .    .    .    .    .    .    .    .    .    .    .    .    .    .    .    .    .    .    . <===>   . UNC13a     6 1976 2016   41
   .    .    .    .    .    .    .    .    .    .    .    .    .    .    .    .    .    .  <=======>   . UNC14a     7 1936 2016   81
   .    .    .    .    .    .    .    .    .    .    .    .    .    .    .    .    .    .    .<====>   . UNC15a     8 1967 2016   50
   .    .    .    .    .    .    .    .    .    .    .    .    .    .    .    .    .    .    <=====>   . UNC16a     9 1953 2016   64
   .    .    .    .    .    .    .    .    .    .    .    .    .    .    .    .    .    .    . <===>   . UNC19a    10 1972 2016   45
   .    .    .    .    .    .    .    .    .    .    .    .    .    .    .    .    .    .    .<====>   . UNC20a    11 1960 2016   57
   .    .    .    .    .    .    .    .    .    .    .    .    .    .    .    .    .    .    <=====>   . UNC22a    12 1956 2016   61
   .    .    .    .    .    .    .    .    .    .    .    .    .    .    .    .    .    .    . <===>   . UNC24a    13 1976 2016   41
   .    .    .    .    .    .    .    .    .    .    .    .    .    .    .    .    .    .    .  <==>   . UNC25a    14 1980 2016   37
   .    .    .    .    .    .    .    .    .    .    .    .    .    .    .    .    .  <============>   . UNC29a    15 1889 2016  128
   .    .    .    .    .    .    .    .    .    .    .    .    .    .    .    .    .    .    . <===>   . UNC3a1    16 1979 2016   38
   .    .    .    .    .    .    .    .    .    .    .    .    .    .    .    .    .    .   <======>   . UNC30a    17 1949 2016   68
   .    .    .    .    .    .    .    .    .    .    .    .    .    .    .    .    .    .    .<====>   . UNC31a    18 1964 2016   53
   .    .    .    .    .    .    .    .    .    .    .    .    .    .    .    .    .    .    .<====>   . UNC33a    19 1967 2016   50
   .    .    .    .    .    .    .    .    .    .    .    .    .    .    .    .    .    .    . <===>   . UNC35a    20 1972 2016   45
   .    .    .    .    .    .    .    .    .    .    .    .    .    .    .    .    .    .    .  <==>   . UNC36a    21 1980 2016   37
   .    .    .    .    .    .    .    .    .    .    .    .    .    .    .    .    .    .    .   <=>   . UNC38a    22 1996 2016   21
   .    .    .    .    .    .    .    .    .    .    .    .    .    .    .    .    .    .    . <===>   . UNC39a    23 1974 2016   43
   .    .    .    .    .    .    .    .    .    .    .    .    .    .    .    .    .    .    .  <==>   . UNC40a    24 1981 2016   36
   .    .    .    .    .    .    .    .    .    .    .    .    .    .    .    .    .    .    .   <=>   . UNC41a    25 1996 2016   21
   .    .    .    .    .    .    .    .    .    .    .    .    .    .    .    .    .    .    .  <==>   . UNC42a    26 1981 2016   36
   .    .    .    .    .    .    .    .    .    .    .    .    .    .    .    .    .    .    .  <==>   . UNC44a    27 1985 2016   32
   .    .    .    .    .    .    .    .    .    .    .    .    .    .    .    .    .    .    .   <=>   . UNC5a1    28 1998 2016   19
   .    .    .    .    .    .    .    .    .    .    .    .    .    .    .    .    .    .<=========>   . UNC7a1    29 1919 2016   98
   .    .    .    .    .    .    .    .    .    .    .    .    .    .    .    .    .    .    .  <==>   . UNC8a1    30 1985 2016   32
   .    .    .    .    .    .    .    .    .    .    .    .    .    .    .    .    .    .   <======>   . UNC9a1    31 1949 2016   68
   :    :    :    :    :    :    :    :    :    :    :    :    :    :    :    :    :    :    :    :    :
 1050 1100 1150 1200 1250 1300 1350 1400 1450 1500 1550 1600 1650 1700 1750 1800 1850 1900 1950 2000 2050
PART 3:  Master Dating Series: unc1                                                                10:49  Fri 02 Dec 2016  Page   3
------------------------------------------------------------------------------------------------------------------------------------
  Year  Value  No Ab    Year  Value  No Ab    Year  Value  No Ab    Year  Value  No Ab    Year  Value  No Ab    Year  Value  No Ab
  ------------------    ------------------    ------------------    ------------------    ------------------    ------------------
                        1900   .166   1       1950  -.710   5       2000  -.582  31
                        1901  2.900   1       1951 -2.049   5       2001   .117  31
                        1902  1.949   1       1952  -.396   5       2002  -.141  31
                        1903   .498   1       1953  -.294   6       2003  -.005  31
                        1904   .214   1       1954  -.008   6       2004  -.573  31
                        1905 -1.272   1       1955   .470   6       2005  -.329  31
                        1906 -1.884   1       1956   .186   7       2006  -.838  31
                        1907  -.120   1       1957   .590   7       2007   .600  31
                        1908   .736   1       1958   .570   7       2008  1.248  31
                        1909 -2.284   1       1959  -.696   8       2009  1.232  31

                        1910 -1.335   1       1960   .939   9       2010  -.536  31
                        1911 -2.115   1       1961  -.841   9       2011   .424  31
                        1912  2.093   1       1962   .606  10       2012  -.557  31
                        1913  -.355   1       1963  -.524  11       2013  -.260  31
                        1914   .426   1       1964   .110  12       2014  -.266  31
                        1915 -1.820   1       1965   .645  12       2015  -.193  31
                        1916  1.509   1       1966   .501  12       2016  -.119  31
                        1917  1.134   1       1967  -.915  14
                        1918 -1.340   1       1968  -.225  14
                        1919   .199   2       1969   .784  15

                        1920   .725   2       1970   .232  15
                        1921  -.665   2       1971 -1.876  15
                        1922   .232   2       1972   .263  17
                        1923  -.819   2       1973   .623  17
                        1924   .058   2       1974  -.352  18
                        1925  -.312   2       1975  1.091  18
                        1926  -.300   2       1976  -.938  20
                        1927   .260   2       1977  -.665  20
                        1928  -.323   2       1978   .762  21
                        1929   .167   2       1979   .268  22

                        1930  -.143   2       1980  -.213  24
                        1931   .242   2       1981   .052  26
                        1932 -1.022   2       1982  1.271  26
                        1933   .121   2       1983  -.023  26
                        1934 -1.843   2       1984   .500  26
                        1935  2.758   2       1985   .819  28
                        1936   .551   3       1986   .401  28
                        1937  -.304   3       1987 -1.571  28
                        1938  -.423   3       1988 -2.191  28
  1889   .812   1       1939  -.905   3       1989   .182  28

  1890 -1.868   1       1940  -.584   3       1990  -.055  28
  1891  -.542   1       1941  1.352   3       1991  -.051  28
  1892   .332   1       1942  1.817   3       1992  -.185  28
  1893 -2.077   1       1943  1.123   3       1993   .392  28
  1894  1.864   1       1944  1.212   3       1994  -.305  28
  1895  -.041   1       1945  2.011   3       1995   .061  28
  1896  2.270   1       1946   .511   3       1996   .362  30
  1897  -.518   1       1947  -.473   3       1997  -.269  30
  1898  -.509   1       1948 -1.153   3       1998  1.270  31
  1899  -.666   1       1949  -.552   5       1999   .510  31
------------------------------------------------------------------------------------------------------------------------------------
PART 4:  Master Bar Plot: unc1                                                                     10:49  Fri 02 Dec 2016  Page   4
------------------------------------------------------------------------------------------------------------------------------------
   Year Rel value  Year Rel value  Year Rel value  Year Rel value  Year Rel value  Year Rel value  Year Rel value  Year Rel value
                   1900------A     1950--c         2000--b
                   1901----------L 1951h           2001------@
                   1902----------H 1952---b        2002----a
                   1903-------B    1953---a        2003-----@
                   1904------A     1954-----@      2004--b
                   1905-e          1955-------B    2005---a
                   1906h           1956------A     2006-c
                   1907----@       1957--------B   2007--------B
                   1908--------C   1958--------B   2008---------E
                   1909i           1959--c         2009---------E
                   1910-e          1960---------D  2010--b
                   1911h           1961-c          2011-------B
                   1912----------H 1962--------B   2012--b
                   1913---a        1963--b         2013----a
                   1914-------B    1964------@     2014----a
                   1915g           1965--------C   2015----a
                   1916---------F  1966--------B   2016----@
                   1917---------E  1967-d
                   1918-e          1968----a
                   1919------A     1969--------C
                   1920--------C   1970------A
                   1921--c         1971h
                   1922------A     1972------A
                   1923-c          1973--------B
                   1924-----@      1974---a
                   1925---a        1975---------D
                   1926---a        1976-d
                   1927------A     1977--c
                   1928---a        1978--------C
                   1929------A     1979------A
                   1930----a       1980----a
                   1931------A     1981-----@
                   1932-d          1982---------E
                   1933------@     1983-----@
                   1934g           1984-------B
                   1935----------K 1985--------C
                   1936--------B   1986-------B
                   1937---a        1987f
                   1938---b        1988i
   1889--------C   1939-d          1989------A
   1890g           1940--b         1990-----@
   1891--b         1941---------E  1991-----@
   1892-------A    1942----------G 1992----a
   1893h           1943---------D  1993-------B
   1894----------G 1944---------E  1994---a
   1895-----@      1945----------H 1995-----@
   1896----------I 1946--------B   1996-------A
   1897--b         1947--b         1997----a
   1898--b         1948-e          1998---------E
   1899--c         1949--b         1999--------B
PART 5:  CORRELATION OF SERIES BY SEGMENTS: unc1                                                   10:49  Fri 02 Dec 2016  Page   5
------------------------------------------------------------------------------------------------------------------------------------
 Correlations of  50-year dated segments, lagged  25 years
 Flags:  A = correlation under   .3281 but highest as dated;  B = correlation higher at other than dated position

 Seq Series  Time_span   1900 1925 1950 1975
                         1949 1974 1999 2024
 --- -------- ---------  ---- ---- ---- ---- ---- ---- ---- ---- ---- ---- ---- ---- ---- ---- ---- ---- ---- ---- ---- ----
   1 UNC1a1   1978 2016                  .04B
   2 UNC10a   1962 2016             .66  .62
   3 UNC11a   1969 2016             .57
   4 UNC12a   1959 2016             .33  .28A
   5 UNC12b   1963 2016             .62  .66
   6 UNC13a   1976 2016                  .63
   7 UNC14a   1936 2016        .58  .47  .63
   8 UNC15a   1967 2016             .64
   9 UNC16a   1953 2016             .57  .70
  10 UNC19a   1972 2016             .55
  11 UNC20a   1960 2016             .49  .55
  12 UNC22a   1956 2016             .50  .42
  13 UNC24a   1976 2016                  .49
  14 UNC25a   1980 2016                  .47
  15 UNC29a   1889 2016   .37  .47  .47  .41
  16 UNC3a1   1979 2016                  .23B
  17 UNC30a   1949 2016        .40  .40  .42
  18 UNC31a   1964 2016             .34  .39
  19 UNC33a   1967 2016             .50
  20 UNC35a   1972 2016             .21B
  21 UNC36a   1980 2016                  .42
  22 UNC38a   1996 2016                  .40
  23 UNC39a   1974 2016             .31B
  24 UNC40a   1981 2016                  .47B
  25 UNC41a   1996 2016                  .41
  26 UNC42a   1981 2016                  .62
  27 UNC44a   1985 2016                  .44
  28 UNC5a1   1998 2016                  .51
  29 UNC7a1   1919 2016   .43  .54  .60  .47
  30 UNC8a1   1985 2016                  .35
  31 UNC9a1   1949 2016        .68  .68  .72
 Av segment correlation   .40  .53  .50  .47
PART 6:  POTENTIAL PROBLEMS: unc1                                                                  10:49  Fri 02 Dec 2016  Page   5
------------------------------------------------------------------------------------------------------------------------------------

 For each series with potential problems the following diagnostics may appear:

 [A] Correlations with master dating series of flagged  50-year segments of series filtered with  32-year spline,
     at every point from ten years earlier (-10) to ten years later (+10) than dated

 [B] Effect of those data values which most lower or raise correlation with master series
     Symbol following year indicates value in series is greater (>) or lesser (<) than master series value

 [C] Year-to-year changes very different from the mean change in other series

 [D] Absent rings (zero values)

 [E] Values which are statistical outliers from mean for the year
====================================================================================================================================

 UNC1a1    1978 to  2016      39 years                                                                                    Series   1

 [A] Segment   High   -10   -9   -8   -7   -6   -5   -4   -3   -2   -1   +0   +1   +2   +3   +4   +5   +6   +7   +8   +9  +10
    ---------  ----   ---  ---  ---  ---  ---  ---  ---  ---  ---  ---  ---  ---  ---  ---  ---  ---  ---  ---  ---  ---  ---
    1978 2016   -7    .10 -.11 -.45  .29* .08 -.01 -.07 -.06  .01 -.02  .04|   -    -    -    -    -    -    -    -    -    -

 [B] Entire series, effect on correlation (  .040) is:
       Lower   1978< -.105   2011< -.048   1986< -.038   1993< -.034   2012> -.015   2010> -.013  Higher   2006  .042   1982  .039
     1978 to 2016 segment:
       Lower   1978< -.105   2011< -.048   1986< -.038   1993< -.034   2012> -.015   2010> -.013  Higher   2006  .042   1982  .039

 [E] Outliers     1   3.0 SD above or -4.5 SD below mean for year
       2015 +3.2 SD
====================================================================================================================================

 UNC10a    1962 to  2016      55 years                                                                                    Series   2

 [B] Entire series, effect on correlation (  .628) is:
       Lower   2006> -.043   1969< -.023   1989< -.016   2014> -.014   1968< -.014   2015< -.012  Higher   1987  .068   1971  .022

 [E] Outliers     2   3.0 SD above or -4.5 SD below mean for year
       1972 +3.3 SD;    2006 +3.7 SD
====================================================================================================================================

 UNC11a    1969 to  2016      48 years                                                                                    Series   3

 [B] Entire series, effect on correlation (  .569) is:
       Lower   1998< -.067   1972< -.039   1976> -.020   1994< -.019   1980> -.017   2016< -.014  Higher   1988  .083   1971  .051

====================================================================================================================================

 UNC12a    1959 to  2016      58 years                                                                                    Series   4

 [A] Segment   High   -10   -9   -8   -7   -6   -5   -4   -3   -2   -1   +0   +1   +2   +3   +4   +5   +6   +7   +8   +9  +10
    ---------  ----   ---  ---  ---  ---  ---  ---  ---  ---  ---  ---  ---  ---  ---  ---  ---  ---  ---  ---  ---  ---  ---
    1967 2016    0   -.23  .05  .16  .03 -.19 -.09 -.15  .11  .03 -.08  .28*   -    -    -    -    -    -    -    -    -    -

 [B] Entire series, effect on correlation (  .282) is:
       Lower   1999< -.069   2010> -.038   1987> -.022   2009< -.021   1963> -.020   1979< -.019  Higher   1988  .112   1982  .028
     1967 to 2016 segment:
       Lower   1999< -.075   2010> -.045   1987> -.027   2009< -.022   1979< -.021   1976> -.020  Higher   1988  .127   1982  .033

 [E] Outliers     1   3.0 SD above or -4.5 SD below mean for year
       1999 -5.1 SD
====================================================================================================================================

 UNC12b    1963 to  2016      54 years                                                                                    Series   5

 [B] Entire series, effect on correlation (  .615) is:
       Lower   1963> -.033   1982< -.018   1976> -.018   1965< -.016   2010> -.016   2011< -.015  Higher   1971  .059   1987  .056

====================================================================================================================================

 UNC13a    1976 to  2016      41 years                                                                                    Series   6

 [B] Entire series, effect on correlation (  .627) is:
       Lower   1996< -.034   1990> -.019   2013> -.017   1998< -.016   2000< -.013   2014> -.013  Higher   1987  .050   1976  .019

====================================================================================================================================

 UNC14a    1936 to  2016      81 years                                                                                    Series   7

 [B] Entire series, effect on correlation (  .535) is:
       Lower   1955< -.060   1988> -.056   1951> -.017   1990< -.015   1954< -.009   1950> -.009  Higher   1971  .040   1987  .025

 [E] Outliers     2   3.0 SD above or -4.5 SD below mean for year
       1955 -5.4 SD;    1988 +4.0 SD
====================================================================================================================================

 UNC15a    1967 to  2016      50 years                                                                                    Series   8

 [B] Entire series, effect on correlation (  .638) is:
       Lower   2006> -.057   1992> -.027   1972< -.022   1996< -.018   2004> -.013   1977> -.012  Higher   1971  .058   1987  .043

 [E] Outliers     2   3.0 SD above or -4.5 SD below mean for year
       1992 +3.7 SD;    2006 +4.5 SD
====================================================================================================================================

 UNC16a    1953 to  2016      64 years                                                                                    Series   9

 [B] Entire series, effect on correlation (  .575) is:
       Lower   1958< -.038   1953> -.025   2004> -.022   1957< -.019   1965< -.018   1972< -.014  Higher   1988  .067   1987  .038

====================================================================================================================================

 UNC19a    1972 to  2016      45 years                                                                                    Series  10

 [B] Entire series, effect on correlation (  .553) is:
       Lower   2004> -.052   1996< -.029   1994> -.028   2013> -.027   1998< -.024   1992> -.021  Higher   1988  .108   1975  .027

 [E] Outliers     1   3.0 SD above or -4.5 SD below mean for year
       2004 +3.5 SD
====================================================================================================================================

 UNC20a    1960 to  2016      57 years                                                                                    Series  11

 [B] Entire series, effect on correlation (  .498) is:
       Lower   1961> -.054   1969< -.030   1971> -.026   2006> -.019   1992> -.016   1970< -.016  Higher   1988  .084   2010  .025

 [E] Outliers     1   3.0 SD above or -4.5 SD below mean for year
       1961 +3.3 SD
====================================================================================================================================

 UNC22a    1956 to  2016      61 years                                                                                    Series  12

 [B] Entire series, effect on correlation (  .476) is:
       Lower   1971> -.052   1987> -.036   1992< -.031   2006> -.027   2012> -.027   1983> -.013  Higher   1988  .032   2010  .030

 [E] Outliers     2   3.0 SD above or -4.5 SD below mean for year
       2006 +3.1 SD;    2012 +3.1 SD
====================================================================================================================================

 UNC24a    1976 to  2016      41 years                                                                                    Series  13

 [B] Entire series, effect on correlation (  .490) is:
       Lower   2009< -.074   1987> -.061   1984< -.047   1994> -.031   1985< -.015   2011< -.014  Higher   1988  .122   2008  .042

====================================================================================================================================

 UNC25a    1980 to  2016      37 years                                                                                    Series  14

 [B] Entire series, effect on correlation (  .470) is:
       Lower   1981< -.146   2012> -.033   1983> -.025   2001< -.022   2010> -.019   1980> -.009  Higher   1988  .120   2008  .043

====================================================================================================================================

 UNC29a    1889 to  2016     128 years                                                                                    Series  15

 [*] Early part of series cannot be checked from 1889 to 1918 -- not matched by another series

 [B] Entire series, effect on correlation (  .379) is:
       Lower   1924< -.029   1936< -.027   1927> -.027   1919< -.025   1980< -.022   1928> -.021  Higher   1951  .045   1987  .037

 [E] Outliers     4   3.0 SD above or -4.5 SD below mean for year
       1927 +4.2 SD;    1928 +3.7 SD;    1977 +3.0 SD;    1997 +3.7 SD
====================================================================================================================================

 UNC3a1    1979 to  2016      38 years                                                                                    Series  16

 [A] Segment   High   -10   -9   -8   -7   -6   -5   -4   -3   -2   -1   +0   +1   +2   +3   +4   +5   +6   +7   +8   +9  +10
    ---------  ----   ---  ---  ---  ---  ---  ---  ---  ---  ---  ---  ---  ---  ---  ---  ---  ---  ---  ---  ---  ---  ---
    1979 2016   -4    .06 -.17 -.07 -.10 -.16 -.15  .37*-.21  .17  .01  .23|   -    -    -    -    -    -    -    -    -    -

 [B] Entire series, effect on correlation (  .226) is:
       Lower   2014< -.170   1988> -.034   1997> -.033   1985< -.017   2012> -.014   2000> -.014  Higher   1987  .043   2009  .033
     1979 to 2016 segment:
       Lower   2014< -.170   1988> -.034   1997> -.033   1985< -.017   2012> -.014   2000> -.014  Higher   1987  .043   2009  .033

 [C] Year-to-year changes diverging by over 4.0 std deviations:
       2013 2014  -4.6 SD

 [E] Outliers     1   3.0 SD above or -4.5 SD below mean for year
       2014 -7.2 SD
====================================================================================================================================

 UNC30a    1949 to  2016      68 years                                                                                    Series  17

 [B] Entire series, effect on correlation (  .381) is:
       Lower   1982< -.034   1954< -.030   2008< -.027   1961> -.025   1972< -.018   1962< -.016  Higher   1987  .089   1951  .036

 [E] Outliers     3   3.0 SD above or -4.5 SD below mean for year
       1968 +3.9 SD;    1990 +3.1 SD;    2006 -4.8 SD
====================================================================================================================================

 UNC31a    1964 to  2016      53 years                                                                                    Series  18

 [B] Entire series, effect on correlation (  .309) is:
       Lower   1964< -.070   2016< -.027   1967> -.019   1986< -.018   2012> -.015   1966< -.010  Higher   1982  .027   1998  .025

====================================================================================================================================

 UNC33a    1967 to  2016      50 years                                                                                    Series  19

 [B] Entire series, effect on correlation (  .503) is:
       Lower   1997< -.066   2010> -.056   1990< -.023   2013< -.016   2004> -.011   1992> -.011  Higher   1988  .035   1987  .031

 [E] Outliers     1   3.0 SD above or -4.5 SD below mean for year
       2010 +3.3 SD
====================================================================================================================================

 UNC35a    1972 to  2016      45 years                                                                                    Series  20

 [A] Segment   High   -10   -9   -8   -7   -6   -5   -4   -3   -2   -1   +0   +1   +2   +3   +4   +5   +6   +7   +8   +9  +10
    ---------  ----   ---  ---  ---  ---  ---  ---  ---  ---  ---  ---  ---  ---  ---  ---  ---  ---  ---  ---  ---  ---  ---
    1972 2016   -6    .03 -.05  .00 -.04  .36* .25 -.04  .12 -.07 -.28  .21|   -    -    -    -    -    -    -    -    -    -

 [B] Entire series, effect on correlation (  .212) is:
       Lower   1987> -.068   1988> -.045   1993< -.032   2005< -.026   1995< -.019   1973< -.016  Higher   1976  .063   1975  .031
     1972 to 2016 segment:
       Lower   1987> -.068   1988> -.045   1993< -.032   2005< -.026   1995< -.019   1973< -.016  Higher   1976  .063   1975  .031

 [E] Outliers     4   3.0 SD above or -4.5 SD below mean for year
       1988 +3.3 SD;    1989 +3.3 SD;    2001 +3.9 SD;    2015 +3.4 SD
====================================================================================================================================

 UNC36a    1980 to  2016      37 years                                                                                    Series  21

 [B] Entire series, effect on correlation (  .425) is:
       Lower   1994< -.103   1987> -.084   2010> -.034   2004> -.019   1995< -.018   1986< -.009  Higher   1988  .069   1998  .037

 [E] Outliers     1   3.0 SD above or -4.5 SD below mean for year
       1994 -5.0 SD
====================================================================================================================================

 UNC38a    1996 to  2016      21 years                                                                                    Series  22

 [B] Entire series, effect on correlation (  .399) is:
       Lower   2000> -.089   2011< -.072   2012> -.044   2010> -.037   1996< -.017   2015> -.016  Higher   2007  .063   2004  .049

====================================================================================================================================

 UNC39a    1974 to  2016      43 years                                                                                    Series  23

 [A] Segment   High   -10   -9   -8   -7   -6   -5   -4   -3   -2   -1   +0   +1   +2   +3   +4   +5   +6   +7   +8   +9  +10
    ---------  ----   ---  ---  ---  ---  ---  ---  ---  ---  ---  ---  ---  ---  ---  ---  ---  ---  ---  ---  ---  ---  ---
    1974 2016   -5   -.29  .16  .07 -.04  .02  .38* .25 -.02 -.09 -.20  .31|   -    -    -    -    -    -    -    -    -    -

 [B] Entire series, effect on correlation (  .312) is:
       Lower   1992< -.080   1987> -.059   1975< -.043   2016> -.018   2008< -.017   2004> -.016  Higher   1976  .056   2010  .052
     1974 to 2016 segment:
       Lower   1992< -.080   1987> -.059   1975< -.043   2016> -.018   2008< -.017   2004> -.016  Higher   1976  .056   2010  .052

 [E] Outliers     2   3.0 SD above or -4.5 SD below mean for year
       1987 +3.4 SD;    2016 +3.0 SD
====================================================================================================================================

 UNC40a    1981 to  2016      36 years                                                                                    Series  24

 [A] Segment   High   -10   -9   -8   -7   -6   -5   -4   -3   -2   -1   +0   +1   +2   +3   +4   +5   +6   +7   +8   +9  +10
    ---------  ----   ---  ---  ---  ---  ---  ---  ---  ---  ---  ---  ---  ---  ---  ---  ---  ---  ---  ---  ---  ---  ---
    1981 2016   -4    .01 -.23 -.03 -.27 -.16 -.10  .59*-.03 -.02 -.13  .47|   -    -    -    -    -    -    -    -    -    -

 [B] Entire series, effect on correlation (  .473) is:
       Lower   2014< -.049   1983> -.040   1985< -.034   1997> -.030   1991< -.018   1988> -.017  Higher   1987  .077   2010  .046
     1981 to 2016 segment:
       Lower   2014< -.049   1983> -.040   1985< -.034   1997> -.030   1991< -.018   1988> -.017  Higher   1987  .077   2010  .046

====================================================================================================================================

 UNC41a    1996 to  2016      21 years                                                                                    Series  25

 [B] Entire series, effect on correlation (  .412) is:
       Lower   2000> -.059   2010> -.037   2005< -.036   2012> -.024   2016> -.024   2008< -.016  Higher   1998  .060   2009  .037

====================================================================================================================================

 UNC42a    1981 to  2016      36 years                                                                                    Series  26

 [B] Entire series, effect on correlation (  .620) is:
       Lower   2000> -.045   2012> -.037   1982< -.030   2007< -.027   2008< -.016   2014> -.011  Higher   1987  .108   1988  .073

====================================================================================================================================

 UNC44a    1985 to  2016      32 years                                                                                    Series  27

 [B] Entire series, effect on correlation (  .438) is:
       Lower   2013< -.062   2000> -.026   2006> -.024   1991< -.022   2014< -.013   1987> -.011  Higher   2010  .050   1998  .025

====================================================================================================================================

 UNC5a1    1998 to  2016      19 years                                                                                    Series  28

 [B] Entire series, effect on correlation (  .505) is:
       Lower   2000> -.084   2003< -.079   2010> -.061   2009< -.016   2005> -.013   2012> -.010  Higher   2008  .059   2006  .054

====================================================================================================================================

 UNC7a1    1919 to  2016      98 years                                                                                    Series  29

 [B] Entire series, effect on correlation (  .435) is:
       Lower   1927< -.029   1924> -.029   1919> -.023   2015< -.021   1936> -.019   1982< -.017  Higher   1987  .044   1951  .036

 [E] Outliers     3   3.0 SD above or -4.5 SD below mean for year
       1919 +4.2 SD;    1924 +4.4 SD;    1936 +3.6 SD
====================================================================================================================================

 UNC8a1    1985 to  2016      32 years                                                                                    Series  30

 [B] Entire series, effect on correlation (  .353) is:
       Lower   1987> -.073   2006> -.058   1993< -.038   2001< -.030   2015> -.016   1991< -.015  Higher   2010  .080   1998  .043

====================================================================================================================================

 UNC9a1    1949 to  2016      68 years                                                                                    Series  31

 [B] Entire series, effect on correlation (  .626) is:
       Lower   1951> -.047   2010> -.025   1956< -.015   2012> -.014   1954> -.014   1976> -.011  Higher   1988  .035   1987  .030

 [E] Outliers     1   3.0 SD above or -4.5 SD below mean for year
       1987 -5.1 SD
====================================================================================================================================
PART 7:  DESCRIPTIVE STATISTICS: unc1                                                              10:49  Fri 02 Dec 2016  Page   6
------------------------------------------------------------------------------------------------------------------------------------

                                                Corr   //-------- Unfiltered --------\\  //---- Filtered -----\\
                           No.    No.    No.    with   Mean   Max     Std   Auto   Mean   Max     Std   Auto  AR
 Seq Series   Interval   Years  Segmt  Flags   Master  msmt   msmt    dev   corr   sens  value    dev   corr  ()
 --- -------- ---------  -----  -----  -----   ------ -----  -----  -----  -----  -----  -----  -----  -----  --
   1 UNC1a1   1978 2016     39      1      1    .040   1.80   3.05   .721   .834   .180   2.64   .701  -.062   1
   2 UNC10a   1962 2016     55      2      0    .628   1.36   2.23   .416   .524   .229   2.68   .480  -.014   1
   3 UNC11a   1969 2016     48      1      0    .569    .75   1.61   .271   .624   .244   2.70   .572   .104   1
   4 UNC12a   1959 2016     58      2      1    .282    .51   1.06   .195   .443   .279   2.61   .541  -.009   1
   5 UNC12b   1963 2016     54      2      0    .615   1.03   1.64   .273   .514   .215   2.54   .429   .057   1
   6 UNC13a   1976 2016     41      1      0    .627    .89   2.39   .512   .737   .270   2.84   .641   .014   1
   7 UNC14a   1936 2016     81      3      0    .535   1.28   2.33   .430   .481   .267   2.67   .574  -.051   1
   8 UNC15a   1967 2016     50      1      0    .638    .75   1.67   .274   .482   .278   2.83   .663  -.013   1
   9 UNC16a   1953 2016     64      2      0    .575    .62   1.36   .260   .404   .346   2.63   .512   .086   1
  10 UNC19a   1972 2016     45      1      0    .553    .56   2.91   .427   .302   .328   2.94   .554   .068   1
  11 UNC20a   1960 2016     57      2      0    .498   1.04   2.23   .487   .711   .319   2.56   .537  -.015   1
  12 UNC22a   1956 2016     61      2      0    .476   2.89   5.04   .938   .628   .257   2.68   .618  -.060   1
  13 UNC24a   1976 2016     41      1      0    .490    .65   2.63   .438   .441   .343   3.29   .597   .122   1
  14 UNC25a   1980 2016     37      1      0    .470    .74   1.99   .301   .432   .258   2.88   .552  -.035   1
  15 UNC29a   1889 2016    128      4      0    .379   1.32   3.57   .563   .707   .200   2.83   .511  -.027   1
  16 UNC3a1   1979 2016     38      1      1    .226   2.68   5.66  1.251   .811   .228   2.39   .386   .011   1
  17 UNC30a   1949 2016     68      3      0    .381    .51    .99   .181   .557   .277   2.63   .471   .056   2
  18 UNC31a   1964 2016     53      2      0    .309   1.90   3.28   .462   .425   .193   2.70   .594  -.012   1
  19 UNC33a   1967 2016     50      1      0    .503   3.22   4.49   .750   .497   .194   2.51   .491  -.011   1
  20 UNC35a   1972 2016     45      1      1    .212    .76   1.96   .399   .782   .231   2.94   .656   .048   1
  21 UNC36a   1980 2016     37      1      0    .425    .74   1.25   .226   .496   .243   2.51   .489  -.007   1
  22 UNC38a   1996 2016     21      1      0    .399    .90   1.28   .224   .690   .149   3.00   .781   .025   1
  23 UNC39a   1974 2016     43      1      1    .312   1.68   4.20   .764   .792   .224   2.65   .486   .037   2
  24 UNC40a   1981 2016     36      1      1    .473   3.35   6.05  1.376   .792   .214   3.03   .654   .037   1
  25 UNC41a   1996 2016     21      1      0    .412   2.56   4.53  1.008   .772   .219   2.46   .607   .160   1
  26 UNC42a   1981 2016     36      1      0    .620   1.54   2.65   .417   .480   .189   2.64   .605   .056   1
  27 UNC44a   1985 2016     32      1      0    .438   2.87   4.34   .984   .803   .209   2.66   .660   .094   1
  28 UNC5a1   1998 2016     19      1      0    .505   2.02   2.79   .426   .498   .168   2.86   .754  -.025   1
  29 UNC7a1   1919 2016     98      4      0    .435    .63   1.33   .233   .481   .261   2.74   .493  -.086   2
  30 UNC8a1   1985 2016     32      1      0    .353   2.14   3.34   .641   .660   .181   2.68   .552  -.024   2
  31 UNC9a1   1949 2016     68      3      0    .626   2.19   3.32   .610   .281   .269   2.43   .395   .112   1
 --- -------- ---------  -----  -----  -----   ------ -----  -----  -----  -----  -----  -----  -----  -----  --
 Total or mean:           1556     50      6    .458   1.39   6.05   .500   .568   .247   3.29   .548   .012

                                              - = [  COFECHA UNC1 COF  ] = -
