[]  Dendrochronology Program Library                                        Run UNC    Program COF  19:17  Thu 17 Nov 2016  Page   1
[]
[]  P R O G R A M      C O F E C H A                                                                          Version 6.06P    29908
------------------------------------------------------------------------------------------------------------------------------------

 QUALITY CONTROL AND DATING CHECK OF TREE-RING MEASUREMENTS

 Title of run:           UNC                                     

 File of DATED series:   UNC.rwl

 CONTENTS:

    Part 1:  Title page, options selected, summary, absent rings by series
    Part 2:  Histogram of time spans
    Part 3:  Master series with sample depth and absent rings by year
    Part 4:  Bar plot of Master Dating Series
    Part 5:  Correlation by segment of each series with Master
    Part 6:  Potential problems: low correlation, divergent year-to-year changes, absent rings, outliers
    Part 7:  Descriptive statistics

 RUN CONTROL OPTIONS SELECTED                             VALUE

         1  Cubic smoothing spline 50% wavelength cutoff for filtering
                                                            32 years
         2  Segments examined are                           50 years lagged successively by  25 years
         3  Autoregressive model applied                     A  Residuals are used in master dating series and testing
         4  Series transformed to logarithms                 Y  Each series log-transformed for master dating series and testing
         5  CORRELATION is Pearson (parametric, quantitative)
            Critical correlation, 99% confidence level   .3281
         6  Master dating series saved                       N
         7  Ring measurements listed                         N
         8  Parts printed                              1234567 
         9  Absent rings are omitted from master series and segment correlations  (Y)

 Time span of Master dating series is  1889 to  2016   128 years
 Continuous time span is               1889 to  2016   128 years
 Portion with two or more series is    1919 to  2016    98 years


                                        ****************************************
                                        *C* Number of dated series        31 *C*
                                        *O* Master series 1889 2016  128 yrs *O*
                                        *F* Total rings in all series   1558 *F*
                                        *E* Total dated rings checked   1528 *E*
                                        *C* Series intercorrelation     .461 *C*
                                        *H* Average mean sensitivity    .247 *H*
                                        *A* Segments, possible problems   10 *A*
                                        *** Mean length of series       50.3 ***
                                        ****************************************

 ABSENT RINGS listed by SERIES:            (See Master Dating Series for absent rings listed by year)

               No ring measurements of zero value
PART 2:  TIME PLOT OF TREE-RING SERIES: UNC                                                        19:17  Thu 17 Nov 2016  Page   2
------------------------------------------------------------------------------------------------------------------------------------
 1050 1100 1150 1200 1250 1300 1350 1400 1450 1500 1550 1600 1650 1700 1750 1800 1850 1900 1950 2000 2050 Ident   Seq Time-span  Yrs
   :    :    :    :    :    :    :    :    :    :    :    :    :    :    :    :    :    :    :    :    : -------- --- ---- ---- ----
   .    .    .    .    .    .    .    .    .    .    .    .    .    .    .    .    .    .    . <===>   . UNC1a1     1 1977 2016   40
   .    .    .    .    .    .    .    .    .    .    .    .    .    .    .    .    .    .    .<====>   . UNC10a     2 1962 2016   55
   .    .    .    .    .    .    .    .    .    .    .    .    .    .    .    .    .    .    .<====>   . UNC11a     3 1969 2016   48
   .    .    .    .    .    .    .    .    .    .    .    .    .    .    .    .    .    .    <=====>   . UNC12a     4 1959 2016   58
   .    .    .    .    .    .    .    .    .    .    .    .    .    .    .    .    .    .    .<====>   . UNC12b     5 1963 2016   54
   .    .    .    .    .    .    .    .    .    .    .    .    .    .    .    .    .    .    . <===>   . UNC13a     6 1976 2016   41
   .    .    .    .    .    .    .    .    .    .    .    .    .    .    .    .    .    .  <=======>   . UNC14a     7 1936 2016   81
   .    .    .    .    .    .    .    .    .    .    .    .    .    .    .    .    .    .    .<====>   . UNC15a     8 1967 2016   50
   .    .    .    .    .    .    .    .    .    .    .    .    .    .    .    .    .    .    <=====>   . UNC16a     9 1953 2016   64
   .    .    .    .    .    .    .    .    .    .    .    .    .    .    .    .    .    .    . <===>   . UNC19a    10 1972 2016   45
   .    .    .    .    .    .    .    .    .    .    .    .    .    .    .    .    .    .    .<====>   . UNC20a    11 1960 2016   57
   .    .    .    .    .    .    .    .    .    .    .    .    .    .    .    .    .    .    <=====>   . UNC22a    12 1956 2016   61
   .    .    .    .    .    .    .    .    .    .    .    .    .    .    .    .    .    .    . <===>   . UNC24a    13 1976 2016   41
   .    .    .    .    .    .    .    .    .    .    .    .    .    .    .    .    .    .    .  <==>   . UNC25a    14 1980 2016   37
   .    .    .    .    .    .    .    .    .    .    .    .    .    .    .    .    .  <============>   . UNC29a    15 1889 2016  128
   .    .    .    .    .    .    .    .    .    .    .    .    .    .    .    .    .    .    . <===>   . UNC3a1    16 1978 2016   39
   .    .    .    .    .    .    .    .    .    .    .    .    .    .    .    .    .    .   <======>   . UNC30a    17 1949 2016   68
   .    .    .    .    .    .    .    .    .    .    .    .    .    .    .    .    .    .    .<====>   . UNC31a    18 1964 2016   53
   .    .    .    .    .    .    .    .    .    .    .    .    .    .    .    .    .    .    .<====>   . UNC33a    19 1967 2016   50
   .    .    .    .    .    .    .    .    .    .    .    .    .    .    .    .    .    .    . <===>   . UNC35a    20 1972 2016   45
   .    .    .    .    .    .    .    .    .    .    .    .    .    .    .    .    .    .    .  <==>   . UNC36a    21 1980 2016   37
   .    .    .    .    .    .    .    .    .    .    .    .    .    .    .    .    .    .    .   <=>   . UNC38a    22 1996 2016   21
   .    .    .    .    .    .    .    .    .    .    .    .    .    .    .    .    .    .    . <===>   . UNC39a    23 1974 2016   43
   .    .    .    .    .    .    .    .    .    .    .    .    .    .    .    .    .    .    .  <==>   . UNC40a    24 1981 2016   36
   .    .    .    .    .    .    .    .    .    .    .    .    .    .    .    .    .    .    .   <=>   . UNC41a    25 1996 2016   21
   .    .    .    .    .    .    .    .    .    .    .    .    .    .    .    .    .    .    .  <==>   . UNC42a    26 1981 2016   36
   .    .    .    .    .    .    .    .    .    .    .    .    .    .    .    .    .    .    .  <==>   . UNC44a    27 1985 2016   32
   .    .    .    .    .    .    .    .    .    .    .    .    .    .    .    .    .    .    .   <=>   . UNC5a1    28 1998 2016   19
   .    .    .    .    .    .    .    .    .    .    .    .    .    .    .    .    .    .<=========>   . UNC7a1    29 1919 2016   98
   .    .    .    .    .    .    .    .    .    .    .    .    .    .    .    .    .    .    .  <==>   . UNC8a1    30 1985 2016   32
   .    .    .    .    .    .    .    .    .    .    .    .    .    .    .    .    .    .   <======>   . UNC9a1    31 1949 2016   68
   :    :    :    :    :    :    :    :    :    :    :    :    :    :    :    :    :    :    :    :    :
 1050 1100 1150 1200 1250 1300 1350 1400 1450 1500 1550 1600 1650 1700 1750 1800 1850 1900 1950 2000 2050
PART 3:  Master Dating Series: UNC                                                                 19:17  Thu 17 Nov 2016  Page   3
------------------------------------------------------------------------------------------------------------------------------------
  Year  Value  No Ab    Year  Value  No Ab    Year  Value  No Ab    Year  Value  No Ab    Year  Value  No Ab    Year  Value  No Ab
  ------------------    ------------------    ------------------    ------------------    ------------------    ------------------
                        1900   .166   1       1950  -.712   5       2000  -.610  31
                        1901  2.906   1       1951 -2.053   5       2001   .092  31
                        1902  1.953   1       1952  -.397   5       2002  -.141  31
                        1903   .499   1       1953  -.295   6       2003  -.044  31
                        1904   .214   1       1954  -.008   6       2004  -.584  31
                        1905 -1.275   1       1955   .470   6       2005  -.292  31
                        1906 -1.888   1       1956   .186   7       2006  -.812  31
                        1907  -.120   1       1957   .591   7       2007   .493  31
                        1908   .737   1       1958   .570   7       2008  1.244  31
                        1909 -2.288   1       1959  -.731   8       2009  1.288  31

                        1910 -1.338   1       1960   .889   9       2010  -.610  31
                        1911 -2.120   1       1961  -.790   9       2011   .507  31
                        1912  2.097   1       1962   .645  10       2012  -.623  31
                        1913  -.356   1       1963  -.543  11       2013  -.129  31
                        1914   .426   1       1964   .051  12       2014  -.254  31
                        1915 -1.824   1       1965   .658  12       2015  -.278  31
                        1916  1.511   1       1966   .569  12       2016  -.120  31
                        1917  1.136   1       1967  -.928  14
                        1918 -1.343   1       1968  -.202  14
                        1919   .199   2       1969   .757  15

                        1920   .726   2       1970   .273  15
                        1921  -.667   2       1971 -1.852  15
                        1922   .232   2       1972   .276  17
                        1923  -.821   2       1973   .636  17
                        1924   .057   2       1974  -.337  18
                        1925  -.313   2       1975  1.000  18
                        1926  -.301   2       1976  -.855  20
                        1927   .260   2       1977  -.769  21
                        1928  -.324   2       1978   .864  22
                        1929   .167   2       1979   .287  22

                        1930  -.143   2       1980  -.270  24
                        1931   .243   2       1981   .111  26
                        1932 -1.024   2       1982  1.236  26
                        1933   .121   2       1983  -.034  26
                        1934 -1.847   2       1984   .494  26
                        1935  2.763   2       1985   .811  28
                        1936   .551   3       1986   .369  28
                        1937  -.305   3       1987 -1.575  28
                        1938  -.424   3       1988 -2.085  28
  1889   .813   1       1939  -.907   3       1989   .105  28

  1890 -1.871   1       1940  -.586   3       1990  -.038  28
  1891  -.543   1       1941  1.355   3       1991  -.037  28
  1892   .332   1       1942  1.821   3       1992  -.243  28
  1893 -2.082   1       1943  1.125   3       1993   .402  28
  1894  1.867   1       1944  1.214   3       1994  -.233  28
  1895  -.042   1       1945  2.015   3       1995   .162  28
  1896  2.274   1       1946   .512   3       1996   .364  30
  1897  -.519   1       1947  -.475   3       1997  -.388  30
  1898  -.511   1       1948 -1.155   3       1998  1.202  31
  1899  -.668   1       1949  -.554   5       1999   .610  31
------------------------------------------------------------------------------------------------------------------------------------
PART 4:  Master Bar Plot: UNC                                                                      19:17  Thu 17 Nov 2016  Page   4
------------------------------------------------------------------------------------------------------------------------------------
   Year Rel value  Year Rel value  Year Rel value  Year Rel value  Year Rel value  Year Rel value  Year Rel value  Year Rel value
                   1900------A     1950--c         2000--b
                   1901----------L 1951h           2001------@
                   1902----------H 1952---b        2002----a
                   1903-------B    1953----a       2003-----@
                   1904------A     1954-----@      2004--b
                   1905-e          1955-------B    2005----a
                   1906h           1956------A     2006-c
                   1907-----@      1957--------B   2007-------B
                   1908--------C   1958--------B   2008---------E
                   1909i           1959--c         2009---------E
                   1910-e          1960---------D  2010--b
                   1911h           1961-c          2011--------B
                   1912----------H 1962--------C   2012--b
                   1913---a        1963--b         2013-----a
                   1914-------B    1964-----@      2014----a
                   1915g           1965--------C   2015----a
                   1916---------F  1966--------B   2016-----@
                   1917---------E  1967-d
                   1918-e          1968----a
                   1919------A     1969--------C
                   1920--------C   1970------A
                   1921--c         1971g
                   1922------A     1972------A
                   1923-c          1973--------C
                   1924-----@      1974---a
                   1925---a        1975---------D
                   1926---a        1976-c
                   1927------A     1977-c
                   1928---a        1978--------C
                   1929------A     1979------A
                   1930----a       1980----a
                   1931------A     1981------@
                   1932-d          1982---------E
                   1933------@     1983-----@
                   1934g           1984-------B
                   1935----------K 1985--------C
                   1936--------B   1986-------A
                   1937---a        1987f
                   1938---b        1988h
   1889--------C   1939-d          1989------@
   1890g           1940--b         1990-----@
   1891--b         1941---------E  1991-----@
   1892-------A    1942----------G 1992----a
   1893h           1943---------D  1993-------B
   1894----------G 1944---------E  1994----a
   1895-----@      1945----------H 1995------A
   1896----------I 1946--------B   1996-------A
   1897--b         1947---b        1997---b
   1898--b         1948-e          1998---------E
   1899--c         1949--b         1999--------B
PART 5:  CORRELATION OF SERIES BY SEGMENTS: UNC                                                    19:17  Thu 17 Nov 2016  Page   5
------------------------------------------------------------------------------------------------------------------------------------
 Correlations of  50-year dated segments, lagged  25 years
 Flags:  A = correlation under   .3281 but highest as dated;  B = correlation higher at other than dated position

 Seq Series  Time_span   1900 1925 1950 1975
                         1949 1974 1999 2024
 --- -------- ---------  ---- ---- ---- ---- ---- ---- ---- ---- ---- ---- ---- ---- ---- ---- ---- ---- ---- ---- ---- ----
   1 UNC1a1   1977 2016                  .25B
   2 UNC10a   1962 2016             .67  .63
   3 UNC11a   1969 2016             .54
   4 UNC12a   1959 2016             .29A .28A
   5 UNC12b   1963 2016             .63  .66
   6 UNC13a   1976 2016                  .64
   7 UNC14a   1936 2016        .57  .47  .63
   8 UNC15a   1967 2016             .64
   9 UNC16a   1953 2016             .58  .71
  10 UNC19a   1972 2016             .55
  11 UNC20a   1960 2016             .49  .57
  12 UNC22a   1956 2016             .51  .45
  13 UNC24a   1976 2016                  .48
  14 UNC25a   1980 2016                  .44
  15 UNC29a   1889 2016   .37  .46  .46  .40
  16 UNC3a1   1978 2016                  .16B
  17 UNC30a   1949 2016        .40  .41  .42
  18 UNC31a   1964 2016             .32A .40
  19 UNC33a   1967 2016             .51
  20 UNC35a   1972 2016             .10B
  21 UNC36a   1980 2016                  .42
  22 UNC38a   1996 2016                  .41B
  23 UNC39a   1974 2016             .35B
  24 UNC40a   1981 2016                  .48B
  25 UNC41a   1996 2016                  .38
  26 UNC42a   1981 2016                  .62
  27 UNC44a   1985 2016                  .42
  28 UNC5a1   1998 2016                  .49
  29 UNC7a1   1919 2016   .42  .54  .60  .48
  30 UNC8a1   1985 2016                  .38B
  31 UNC9a1   1949 2016        .68  .68  .72
 Av segment correlation   .39  .53  .49  .48
PART 6:  POTENTIAL PROBLEMS: UNC                                                                   19:17  Thu 17 Nov 2016  Page   5
------------------------------------------------------------------------------------------------------------------------------------

 For each series with potential problems the following diagnostics may appear:

 [A] Correlations with master dating series of flagged  50-year segments of series filtered with  32-year spline,
     at every point from ten years earlier (-10) to ten years later (+10) than dated

 [B] Effect of those data values which most lower or raise correlation with master series
     Symbol following year indicates value in series is greater (>) or lesser (<) than master series value

 [C] Year-to-year changes very different from the mean change in other series

 [D] Absent rings (zero values)

 [E] Values which are statistical outliers from mean for the year
====================================================================================================================================

 UNC1a1    1977 to  2016      40 years                                                                                    Series   1

 [A] Segment   High   -10   -9   -8   -7   -6   -5   -4   -3   -2   -1   +0   +1   +2   +3   +4   +5   +6   +7   +8   +9  +10
    ---------  ----   ---  ---  ---  ---  ---  ---  ---  ---  ---  ---  ---  ---  ---  ---  ---  ---  ---  ---  ---  ---  ---
    1977 2016   -6    .24 -.07 -.34 -.10  .37*-.14 -.07  .19 -.11  .00  .25|   -    -    -    -    -    -    -    -    -    -

 [B] Entire series, effect on correlation (  .251) is:
       Lower   1986< -.041   1993< -.040   1977< -.029   2008< -.021   2015> -.020   1988> -.018  Higher   1982  .030   1978  .022
     1977 to 2016 segment:
       Lower   1986< -.041   1993< -.040   1977< -.029   2008< -.021   2015> -.020   1988> -.018  Higher   1982  .030   1978  .022

 [E] Outliers     1   3.0 SD above or -4.5 SD below mean for year
       2015 +3.2 SD
====================================================================================================================================

 UNC10a    1962 to  2016      55 years                                                                                    Series   2

 [B] Entire series, effect on correlation (  .643) is:
       Lower   2006> -.041   1969< -.023   1968< -.014   2014> -.013   1999< -.013   1989< -.013  Higher   1987  .063   2010  .022

 [E] Outliers     2   3.0 SD above or -4.5 SD below mean for year
       1972 +3.2 SD;    2006 +3.6 SD
====================================================================================================================================

 UNC11a    1969 to  2016      48 years                                                                                    Series   3

 [B] Entire series, effect on correlation (  .540) is:
       Lower   1998< -.063   1972< -.039   1994< -.021   1980> -.019   1978< -.018   1976> -.018  Higher   1988  .080   1971  .055

====================================================================================================================================

 UNC12a    1959 to  2016      58 years                                                                                    Series   4

 [A] Segment   High   -10   -9   -8   -7   -6   -5   -4   -3   -2   -1   +0   +1   +2   +3   +4   +5   +6   +7   +8   +9  +10
    ---------  ----   ---  ---  ---  ---  ---  ---  ---  ---  ---  ---  ---  ---  ---  ---  ---  ---  ---  ---  ---  ---  ---
    1959 2008    0   -.14  .00  .26  .06 -.19 -.23  .05  .13 -.20 -.06  .29*-.06 -.07 -.06  .15 -.01  .08 -.19 -.03    -    -
    1967 2016    0   -.15  .06  .20 -.04 -.17 -.20 -.02  .11 -.07 -.05  .28*   -    -    -    -    -    -    -    -    -    -

 [B] Entire series, effect on correlation (  .291) is:
       Lower   1976> -.043   2010> -.022   1963> -.017   1979< -.015   1997> -.015   1977> -.014  Higher   1988  .036   1982  .025
     1959 to 2008 segment:
       Lower   1976> -.052   1963> -.021   1997> -.019   1979< -.018   1977> -.018   1996< -.015  Higher   1988  .044   1982  .029
     1967 to 2016 segment:
       Lower   1976> -.049   2010> -.026   1997> -.018   1977> -.017   1979< -.016   1996< -.014  Higher   1988  .039   1982  .029

 [E] Outliers     2   3.0 SD above or -4.5 SD below mean for year
       1976 +3.2 SD;    2000 -6.6 SD
====================================================================================================================================

 UNC12b    1963 to  2016      54 years                                                                                    Series   5

 [B] Entire series, effect on correlation (  .615) is:
       Lower   1963> -.034   2011< -.020   2010> -.018   1965< -.017   1982< -.016   1976> -.016  Higher   1971  .057   1987  .055

====================================================================================================================================

 UNC13a    1976 to  2016      41 years                                                                                    Series   6

 [B] Entire series, effect on correlation (  .643) is:
       Lower   1996< -.034   1990> -.019   1998< -.015   2011< -.014   2014> -.012   2013> -.010  Higher   1987  .047   1976  .018

====================================================================================================================================

 UNC14a    1936 to  2016      81 years                                                                                    Series   7

 [B] Entire series, effect on correlation (  .537) is:
       Lower   1955< -.060   1988> -.051   1951> -.017   1990< -.015   1954< -.009   1950> -.009  Higher   1971  .039   1987  .025

 [E] Outliers     2   3.0 SD above or -4.5 SD below mean for year
       1955 -5.4 SD;    1988 +3.9 SD
====================================================================================================================================

 UNC15a    1967 to  2016      50 years                                                                                    Series   8

 [B] Entire series, effect on correlation (  .645) is:
       Lower   2006> -.054   1992> -.030   1972< -.022   1977> -.019   1996< -.017   2004> -.012  Higher   1971  .056   1987  .042

 [E] Outliers     2   3.0 SD above or -4.5 SD below mean for year
       1992 +3.8 SD;    2006 +4.4 SD
====================================================================================================================================

 UNC16a    1953 to  2016      64 years                                                                                    Series   9

 [B] Entire series, effect on correlation (  .589) is:
       Lower   1958< -.038   1953> -.025   2004> -.020   1957< -.019   1965< -.019   1972< -.015  Higher   1988  .057   1987  .036

====================================================================================================================================

 UNC19a    1972 to  2016      45 years                                                                                    Series  10

 [B] Entire series, effect on correlation (  .555) is:
       Lower   2004> -.048   1996< -.028   1994> -.025   1992> -.024   1998< -.022   2010> -.022  Higher   1988  .096   1987  .025

 [E] Outliers     1   3.0 SD above or -4.5 SD below mean for year
       2004 +3.5 SD
====================================================================================================================================

 UNC20a    1960 to  2016      57 years                                                                                    Series  11

 [B] Entire series, effect on correlation (  .518) is:
       Lower   1961> -.052   1969< -.029   1971> -.027   1992> -.018   2006> -.018   1970< -.017  Higher   1988  .072   2010  .027

 [E] Outliers     1   3.0 SD above or -4.5 SD below mean for year
       1961 +3.2 SD
====================================================================================================================================

 UNC22a    1956 to  2016      61 years                                                                                    Series  12

 [B] Entire series, effect on correlation (  .492) is:
       Lower   1971> -.053   1987> -.037   2012> -.032   1992< -.028   2006> -.026   1983> -.012  Higher   2010  .032   1988  .030

 [E] Outliers     2   3.0 SD above or -4.5 SD below mean for year
       2006 +3.1 SD;    2012 +3.1 SD
====================================================================================================================================

 UNC24a    1976 to  2016      41 years                                                                                    Series  13

 [B] Entire series, effect on correlation (  .477) is:
       Lower   2009< -.076   1987> -.058   1984< -.047   1994> -.028   2011< -.019   1999< -.017  Higher   1988  .112   2008  .043

====================================================================================================================================

 UNC25a    1980 to  2016      37 years                                                                                    Series  14

 [B] Entire series, effect on correlation (  .443) is:
       Lower   1981< -.152   2012> -.039   1983> -.022   2001< -.021   2010> -.021   1999< -.012  Higher   1988  .116   2008  .046

 [E] Outliers     2   3.0 SD above or -4.5 SD below mean for year
       1981 -4.5 SD;    1989 +3.1 SD
====================================================================================================================================

 UNC29a    1889 to  2016     128 years                                                                                    Series  15

 [*] Early part of series cannot be checked from 1889 to 1918 -- not matched by another series

 [B] Entire series, effect on correlation (  .375) is:
       Lower   1924< -.029   1936< -.027   1927> -.027   1919< -.025   1928> -.020   1997> -.020  Higher   1951  .045   1987  .037

 [E] Outliers     4   3.0 SD above or -4.5 SD below mean for year
       1927 +4.2 SD;    1928 +3.7 SD;    1977 +3.1 SD;    1997 +3.9 SD
====================================================================================================================================

 UNC3a1    1978 to  2016      39 years                                                                                    Series  16

 [A] Segment   High   -10   -9   -8   -7   -6   -5   -4   -3   -2   -1   +0   +1   +2   +3   +4   +5   +6   +7   +8   +9  +10
    ---------  ----   ---  ---  ---  ---  ---  ---  ---  ---  ---  ---  ---  ---  ---  ---  ---  ---  ---  ---  ---  ---  ---
    1978 2016  -10    .30* .04 -.23 -.29 -.02 -.13  .24 -.01  .11  .05  .16|   -    -    -    -    -    -    -    -    -    -

 [B] Entire series, effect on correlation (  .162) is:
       Lower   2014< -.055   1988> -.041   1987> -.023   2012> -.017   1993< -.017   1994> -.015  Higher   2009  .033   1998  .032
     1978 to 2016 segment:
       Lower   2014< -.055   1988> -.041   1987> -.023   2012> -.017   1993< -.017   1994> -.015  Higher   2009  .033   1998  .032

 [E] Outliers     2   3.0 SD above or -4.5 SD below mean for year
       1988 +3.0 SD;    2014 -6.9 SD
====================================================================================================================================

 UNC30a    1949 to  2016      68 years                                                                                    Series  17

 [B] Entire series, effect on correlation (  .380) is:
       Lower   1982< -.032   1954< -.030   2008< -.027   1961> -.023   1972< -.018   1962< -.017  Higher   1987  .089   1951  .036

 [E] Outliers     3   3.0 SD above or -4.5 SD below mean for year
       1968 +3.9 SD;    1990 +3.1 SD;    2006 -4.9 SD
====================================================================================================================================

 UNC31a    1964 to  2016      53 years                                                                                    Series  18

 [A] Segment   High   -10   -9   -8   -7   -6   -5   -4   -3   -2   -1   +0   +1   +2   +3   +4   +5   +6   +7   +8   +9  +10
    ---------  ----   ---  ---  ---  ---  ---  ---  ---  ---  ---  ---  ---  ---  ---  ---  ---  ---  ---  ---  ---  ---  ---
    1964 2013    0    .06 -.05 -.08  .09  .00 -.04 -.11  .30 -.28 -.14  .32*-.06 -.15 -.06    -    -    -    -    -    -    -

 [B] Entire series, effect on correlation (  .308) is:
       Lower   1964< -.090   1986< -.030   1987> -.024   2000> -.016   1975< -.016   2012> -.013  Higher   1982  .025   1998  .024
     1964 to 2013 segment:
       Lower   1964< -.095   1986< -.031   1987> -.023   1975< -.016   2000> -.016   2012> -.013  Higher   1982  .025   1998  .024

====================================================================================================================================

 UNC33a    1967 to  2016      50 years                                                                                    Series  19

 [B] Entire series, effect on correlation (  .513) is:
       Lower   2010> -.061   1997< -.051   2013< -.025   1990< -.024   1992> -.013   2004> -.010  Higher   1988  .033   1987  .030

 [E] Outliers     1   3.0 SD above or -4.5 SD below mean for year
       2010 +3.4 SD
====================================================================================================================================

 UNC35a    1972 to  2016      45 years                                                                                    Series  20

 [A] Segment   High   -10   -9   -8   -7   -6   -5   -4   -3   -2   -1   +0   +1   +2   +3   +4   +5   +6   +7   +8   +9  +10
    ---------  ----   ---  ---  ---  ---  ---  ---  ---  ---  ---  ---  ---  ---  ---  ---  ---  ---  ---  ---  ---  ---  ---
    1972 2016   -5    .01  .00 -.14 -.04  .28  .41*-.14  .04  .09 -.28  .10|   -    -    -    -    -    -    -    -    -    -

 [B] Entire series, effect on correlation (  .095) is:
       Lower   1988> -.064   1973< -.043   1993< -.027   2000> -.024   2007< -.022   2014> -.020  Higher   1976  .104   1975  .040
     1972 to 2016 segment:
       Lower   1988> -.064   1973< -.043   1993< -.027   2000> -.024   2007< -.022   2014> -.020  Higher   1976  .104   1975  .040

 [E] Outliers     3   3.0 SD above or -4.5 SD below mean for year
       1988 +3.8 SD;    2001 +3.5 SD;    2014 +4.2 SD
====================================================================================================================================

 UNC36a    1980 to  2016      37 years                                                                                    Series  21

 [B] Entire series, effect on correlation (  .421) is:
       Lower   1994< -.112   1987> -.083   2010> -.038   1995< -.022   2004> -.017   1997> -.011  Higher   1988  .066   1998  .036

 [E] Outliers     1   3.0 SD above or -4.5 SD below mean for year
       1994 -5.1 SD
====================================================================================================================================

 UNC38a    1996 to  2016      21 years                                                                                    Series  22

 [A] Segment   High   -10   -9   -8   -7   -6   -5   -4   -3   -2   -1   +0   +1   +2   +3   +4   +5   +6   +7   +8   +9  +10
    ---------  ----   ---  ---  ---  ---  ---  ---  ---  ---  ---  ---  ---  ---  ---  ---  ---  ---  ---  ---  ---  ---  ---
    1996 2016  -10    .45* .28 -.15 -.16  .19 -.17  .14 -.19  .20 -.06  .41|   -    -    -    -    -    -    -    -    -    -

 [B] Entire series, effect on correlation (  .415) is:
       Lower   2000> -.107   2010> -.036   2015> -.027   2011< -.024   2016< -.023   2013> -.006  Higher   2009  .050   2007  .042
     1996 to 2016 segment:
       Lower   2000> -.107   2010> -.036   2015> -.027   2011< -.024   2016< -.023   2013> -.006  Higher   2009  .050   2007  .042

====================================================================================================================================

 UNC39a    1974 to  2016      43 years                                                                                    Series  23

 [A] Segment   High   -10   -9   -8   -7   -6   -5   -4   -3   -2   -1   +0   +1   +2   +3   +4   +5   +6   +7   +8   +9  +10
    ---------  ----   ---  ---  ---  ---  ---  ---  ---  ---  ---  ---  ---  ---  ---  ---  ---  ---  ---  ---  ---  ---  ---
    1974 2016   -5   -.24  .10  .07 -.08  .04  .36* .20  .04 -.11 -.23  .35|   -    -    -    -    -    -    -    -    -    -

 [B] Entire series, effect on correlation (  .350) is:
       Lower   1987> -.066   1992< -.057   1975< -.050   2008< -.021   2004> -.020   2016> -.017  Higher   2010  .067   1998  .038
     1974 to 2016 segment:
       Lower   1987> -.066   1992< -.057   1975< -.050   2008< -.021   2004> -.020   2016> -.017  Higher   2010  .067   1998  .038

 [E] Outliers     2   3.0 SD above or -4.5 SD below mean for year
       1987 +3.4 SD;    2016 +3.1 SD
====================================================================================================================================

 UNC40a    1981 to  2016      36 years                                                                                    Series  24

 [A] Segment   High   -10   -9   -8   -7   -6   -5   -4   -3   -2   -1   +0   +1   +2   +3   +4   +5   +6   +7   +8   +9  +10
    ---------  ----   ---  ---  ---  ---  ---  ---  ---  ---  ---  ---  ---  ---  ---  ---  ---  ---  ---  ---  ---  ---  ---
    1981 2016   -4    .05 -.26 -.08 -.23 -.15 -.12  .60*-.01 -.04 -.13  .48|   -    -    -    -    -    -    -    -    -    -

 [B] Entire series, effect on correlation (  .478) is:
       Lower   1997> -.038   1985< -.035   2014< -.034   1991< -.030   1983> -.028   1988> -.024  Higher   1987  .057   2010  .054
     1981 to 2016 segment:
       Lower   1997> -.038   1985< -.035   2014< -.034   1991< -.030   1983> -.028   1988> -.024  Higher   1987  .057   2010  .054

====================================================================================================================================

 UNC41a    1996 to  2016      21 years                                                                                    Series  25

 [B] Entire series, effect on correlation (  .384) is:
       Lower   2000> -.063   2005< -.038   2010> -.036   2012> -.029   2015> -.019   2016> -.016  Higher   1998  .061   2009  .040

====================================================================================================================================

 UNC42a    1981 to  2016      36 years                                                                                    Series  26

 [B] Entire series, effect on correlation (  .622) is:
       Lower   2000> -.051   2012> -.045   1982< -.028   2007< -.021   2008< -.016   1993< -.012  Higher   1987  .108   1988  .069

====================================================================================================================================

 UNC44a    1985 to  2016      32 years                                                                                    Series  27

 [B] Entire series, effect on correlation (  .424) is:
       Lower   2013< -.081   2000> -.030   2006> -.022   1991< -.021   2014< -.013   1987> -.009  Higher   2010  .056   1998  .025

====================================================================================================================================

 UNC5a1    1998 to  2016      19 years                                                                                    Series  28

 [B] Entire series, effect on correlation (  .488) is:
       Lower   2000> -.093   2003< -.065   2010> -.065   2009< -.015   2012> -.014   2005> -.012  Higher   2008  .060   1998  .049

====================================================================================================================================

 UNC7a1    1919 to  2016      98 years                                                                                    Series  29

 [B] Entire series, effect on correlation (  .437) is:
       Lower   1927< -.029   1924> -.029   1919> -.023   1936> -.019   1928< -.017   1982< -.017  Higher   1987  .044   1951  .036

 [E] Outliers     4   3.0 SD above or -4.5 SD below mean for year
       1919 +4.2 SD;    1924 +4.4 SD;    1936 +3.6 SD;    1997 +3.0 SD
====================================================================================================================================

 UNC8a1    1985 to  2016      32 years                                                                                    Series  30

 [A] Segment   High   -10   -9   -8   -7   -6   -5   -4   -3   -2   -1   +0   +1   +2   +3   +4   +5   +6   +7   +8   +9  +10
    ---------  ----   ---  ---  ---  ---  ---  ---  ---  ---  ---  ---  ---  ---  ---  ---  ---  ---  ---  ---  ---  ---  ---
    1985 2016   -4    .09 -.22 -.02  .12 -.01 -.08  .42*-.04 -.15 -.03  .38|   -    -    -    -    -    -    -    -    -    -

 [B] Entire series, effect on correlation (  .383) is:
       Lower   1987> -.047   2006> -.037   2001< -.027   1997> -.023   2015> -.019   2000> -.018  Higher   2010  .080   1998  .028
     1985 to 2016 segment:
       Lower   1987> -.047   2006> -.037   2001< -.027   1997> -.023   2015> -.019   2000> -.018  Higher   2010  .080   1998  .028

====================================================================================================================================

 UNC9a1    1949 to  2016      68 years                                                                                    Series  31

 [B] Entire series, effect on correlation (  .630) is:
       Lower   1951> -.047   2010> -.027   2012> -.017   1956< -.015   1954> -.014   2009< -.010  Higher   1988  .032   1987  .028

 [E] Outliers     1   3.0 SD above or -4.5 SD below mean for year
       1987 -5.1 SD
====================================================================================================================================
PART 7:  DESCRIPTIVE STATISTICS: UNC                                                               19:17  Thu 17 Nov 2016  Page   6
------------------------------------------------------------------------------------------------------------------------------------

                                                Corr   //-------- Unfiltered --------\\  //---- Filtered -----\\
                           No.    No.    No.    with   Mean   Max     Std   Auto   Mean   Max     Std   Auto  AR
 Seq Series   Interval   Years  Segmt  Flags   Master  msmt   msmt    dev   corr   sens  value    dev   corr  ()
 --- -------- ---------  -----  -----  -----   ------ -----  -----  -----  -----  -----  -----  -----  -----  --
   1 UNC1a1   1977 2016     40      1      1    .251   1.76   3.18   .714   .769   .218   2.53   .466  -.049   1
   2 UNC10a   1962 2016     55      2      0    .643   1.36   2.23   .416   .524   .229   2.68   .480  -.014   1
   3 UNC11a   1969 2016     48      1      0    .540    .75   1.61   .271   .624   .244   2.70   .572   .104   1
   4 UNC12a   1959 2016     58      2      2    .291    .50   1.03   .181   .541   .251   2.53   .422   .035   1
   5 UNC12b   1963 2016     54      2      0    .615   1.03   1.64   .273   .514   .215   2.54   .429   .057   1
   6 UNC13a   1976 2016     41      1      0    .643    .89   2.39   .512   .737   .270   2.84   .641   .014   1
   7 UNC14a   1936 2016     81      3      0    .537   1.28   2.33   .430   .481   .267   2.67   .574  -.051   1
   8 UNC15a   1967 2016     50      1      0    .645    .75   1.67   .274   .482   .278   2.83   .663  -.013   1
   9 UNC16a   1953 2016     64      2      0    .589    .62   1.36   .260   .404   .346   2.63   .512   .086   1
  10 UNC19a   1972 2016     45      1      0    .555    .56   2.91   .427   .302   .328   2.94   .554   .068   1
  11 UNC20a   1960 2016     57      2      0    .518   1.04   2.23   .487   .711   .319   2.56   .537  -.015   1
  12 UNC22a   1956 2016     61      2      0    .492   2.89   5.04   .938   .628   .257   2.68   .618  -.060   1
  13 UNC24a   1976 2016     41      1      0    .477    .65   2.63   .438   .441   .343   3.29   .597   .122   1
  14 UNC25a   1980 2016     37      1      0    .443    .74   1.99   .301   .432   .258   2.88   .552  -.035   1
  15 UNC29a   1889 2016    128      4      0    .375   1.32   3.57   .563   .707   .200   2.83   .511  -.027   1
  16 UNC3a1   1978 2016     39      1      1    .162   2.63   5.60  1.227   .622   .266   2.41   .442  -.108   1
  17 UNC30a   1949 2016     68      3      0    .380    .51    .99   .181   .557   .277   2.63   .471   .056   2
  18 UNC31a   1964 2016     53      2      1    .308   1.89   3.04   .440   .429   .186   2.60   .515  -.019   1
  19 UNC33a   1967 2016     50      1      0    .513   3.22   4.49   .750   .497   .194   2.51   .491  -.011   1
  20 UNC35a   1972 2016     45      1      1    .095    .77   1.98   .407   .787   .193   2.75   .559  -.033   1
  21 UNC36a   1980 2016     37      1      0    .421    .74   1.25   .226   .496   .243   2.51   .489  -.007   1
  22 UNC38a   1996 2016     21      1      1    .415    .91   1.28   .225   .580   .182   2.76   .641  -.075   1
  23 UNC39a   1974 2016     43      1      1    .350   1.68   4.21   .763   .776   .236   2.75   .532  -.009   2
  24 UNC40a   1981 2016     36      1      1    .478   3.39   6.12  1.395   .799   .205   3.12   .732   .050   1
  25 UNC41a   1996 2016     21      1      0    .384   2.56   4.53  1.008   .772   .219   2.46   .607   .160   1
  26 UNC42a   1981 2016     36      1      0    .622   1.54   2.65   .417   .480   .189   2.64   .605   .056   1
  27 UNC44a   1985 2016     32      1      0    .424   2.87   4.34   .984   .803   .209   2.66   .660   .094   1
  28 UNC5a1   1998 2016     19      1      0    .488   2.02   2.79   .426   .498   .168   2.86   .754  -.025   1
  29 UNC7a1   1919 2016     98      4      0    .437    .63   1.33   .233   .481   .261   2.74   .493  -.086   2
  30 UNC8a1   1985 2016     32      1      1    .383   2.13   3.29   .653   .656   .197   2.48   .485  -.080   2
  31 UNC9a1   1949 2016     68      3      0    .630   2.19   3.32   .610   .281   .269   2.43   .395   .112   1
 --- -------- ---------  -----  -----  -----   ------ -----  -----  -----  -----  -----  -----  -----  -----  --
 Total or mean:           1558     50     10    .461   1.39   6.12   .499   .564   .247   3.29   .533   .005

                                              - = [  COFECHA UNC  COF  ] = -
