[]  Dendrochronology Program Library                                        Run UNI    Program COF  16:09  Thu 08 Dec 2016  Page   1
[]
[]  P R O G R A M      C O F E C H A                                                                          Version 6.06P    29929
------------------------------------------------------------------------------------------------------------------------------------

 QUALITY CONTROL AND DATING CHECK OF TREE-RING MEASUREMENTS

 Title of run:           UNI                                     

 File of DATED series:   UNI.rwl

 CONTENTS:

    Part 1:  Title page, options selected, summary, absent rings by series
    Part 2:  Histogram of time spans
    Part 3:  Master series with sample depth and absent rings by year
    Part 4:  Bar plot of Master Dating Series
    Part 5:  Correlation by segment of each series with Master
    Part 6:  Potential problems: low correlation, divergent year-to-year changes, absent rings, outliers
    Part 7:  Descriptive statistics

 RUN CONTROL OPTIONS SELECTED                             VALUE

         1  Cubic smoothing spline 50% wavelength cutoff for filtering
                                                            32 years
         2  Segments examined are                           50 years lagged successively by  25 years
         3  Autoregressive model applied                     A  Residuals are used in master dating series and testing
         4  Series transformed to logarithms                 Y  Each series log-transformed for master dating series and testing
         5  CORRELATION is Pearson (parametric, quantitative)
            Critical correlation, 99% confidence level   .3281
         6  Master dating series saved                       N
         7  Ring measurements listed                         N
         8  Parts printed                              1234567 
         9  Absent rings are omitted from master series and segment correlations  (Y)

 Time span of Master dating series is  1938 to  2015    78 years
 Continuous time span is               1938 to  2015    78 years
 Portion with two or more series is    1938 to  2015    78 years


                                        ****************************************
                                        *C* Number of dated series        10 *C*
                                        *O* Master series 1938 2015   78 yrs *O*
                                        *F* Total rings in all series    687 *F*
                                        *E* Total dated rings checked    687 *E*
                                        *C* Series intercorrelation     .529 *C*
                                        *H* Average mean sensitivity    .279 *H*
                                        *A* Segments, possible problems    3 *A*
                                        *** Mean length of series       68.7 ***
                                        ****************************************

 ABSENT RINGS listed by SERIES:            (See Master Dating Series for absent rings listed by year)

               No ring measurements of zero value
PART 2:  TIME PLOT OF TREE-RING SERIES: UNI                                                        16:09  Thu 08 Dec 2016  Page   2
------------------------------------------------------------------------------------------------------------------------------------
 1050 1100 1150 1200 1250 1300 1350 1400 1450 1500 1550 1600 1650 1700 1750 1800 1850 1900 1950 2000 2050 Ident   Seq Time-span  Yrs
   :    :    :    :    :    :    :    :    :    :    :    :    :    :    :    :    :    :    :    :    : -------- --- ---- ---- ----
   .    .    .    .    .    .    .    .    .    .    .    .    .    .    .    .    .    .  <=======>   . UNI110     1 1938 2015   78
   .    .    .    .    .    .    .    .    .    .    .    .    .    .    .    .    .    .  <=======>   . UNI111     2 1939 2015   77
   .    .    .    .    .    .    .    .    .    .    .    .    .    .    .    .    .    .  <=======>   . UNI210     3 1938 2015   78
   .    .    .    .    .    .    .    .    .    .    .    .    .    .    .    .    .    .   <======>   . UNI211     4 1942 2015   74
   .    .    .    .    .    .    .    .    .    .    .    .    .    .    .    .    .    .    <=====>   . UNI310     5 1952 2015   64
   .    .    .    .    .    .    .    .    .    .    .    .    .    .    .    .    .    .    <=====>   . UNI311     6 1954 2015   62
   .    .    .    .    .    .    .    .    .    .    .    .    .    .    .    .    .    .   <======>   . UNI411     7 1943 2015   73
   .    .    .    .    .    .    .    .    .    .    .    .    .    .    .    .    .    .   <======>   . UNI510     8 1940 2015   76
   .    .    .    .    .    .    .    .    .    .    .    .    .    .    .    .    .    .   <======>   . UNI511     9 1944 2015   72
   .    .    .    .    .    .    .    .    .    .    .    .    .    .    .    .    .    .    .  <==>   . UNI512    10 1983 2015   33
   :    :    :    :    :    :    :    :    :    :    :    :    :    :    :    :    :    :    :    :    :
 1050 1100 1150 1200 1250 1300 1350 1400 1450 1500 1550 1600 1650 1700 1750 1800 1850 1900 1950 2000 2050
PART 3:  Master Dating Series: UNI                                                                 16:09  Thu 08 Dec 2016  Page   3
------------------------------------------------------------------------------------------------------------------------------------
  Year  Value  No Ab    Year  Value  No Ab    Year  Value  No Ab    Year  Value  No Ab    Year  Value  No Ab    Year  Value  No Ab
  ------------------    ------------------    ------------------    ------------------    ------------------    ------------------
                        1950   .002   7       2000  -.675  10
                        1951   .023   7       2001  1.025  10
                        1952  -.367   8       2002  -.178  10
                        1953  -.988   8       2003  -.135  10
                        1954 -1.305   9       2004  -.191  10
                        1955 -1.065   9       2005   .452  10
                        1956 -1.398   9       2006 -1.648  10
                        1957 -1.301   9       2007  -.760  10
                        1958 -1.516   9       2008   .584  10
                        1959  -.556   9       2009  -.872  10

                        1960  1.080   9       2010   .661  10
                        1961   .573   9       2011  1.574  10
                        1962  1.494   9       2012 -1.039  10
                        1963  1.171   9       2013   .195  10
                        1964   .971   9       2014   .795  10
                        1965   .927   9       2015  -.037  10
                        1966  -.116   9
                        1967   .105   9
                        1968   .930   9
                        1969   .453   9

                        1970   .195   9
                        1971   .355   9
                        1972  -.562   9
                        1973 -1.560   9
                        1974  -.594   9
                        1975 -3.208   9
                        1976 -2.367   9
                        1977 -1.428   9
                        1978   .289   9
                        1979   .317   9

                        1980   .988   9
                        1981  1.713   9
                        1982   .557   9
                        1983  -.041  10
                        1984   .501  10
                        1985  -.213  10
                        1986   .681  10
                        1987   .364  10
  1938  1.442   2       1988 -1.746  10
  1939  1.699   3       1989  -.362  10

  1940 -1.299   4       1990  1.161  10
  1941  -.929   4       1991   .471  10
  1942   .723   5       1992   .687  10
  1943   .463   6       1993   .957  10
  1944  -.914   7       1994  -.149  10
  1945  1.124   7       1995   .637  10
  1946  1.195   7       1996   .083  10
  1947   .525   7       1997 -1.016  10
  1948  -.281   7       1998   .730  10
  1949  1.015   7       1999 -1.067  10
------------------------------------------------------------------------------------------------------------------------------------
PART 4:  Master Bar Plot: UNI                                                                      16:09  Thu 08 Dec 2016  Page   4
------------------------------------------------------------------------------------------------------------------------------------
   Year Rel value  Year Rel value  Year Rel value  Year Rel value  Year Rel value  Year Rel value  Year Rel value  Year Rel value
                   1950----@       2000--c
                   1951----@       2001---------D
                   1952---a        2002----a
                   1953-d          2003----a
                   1954-e          2004----a
                   1955-d          2005------B
                   1956f           2006g
                   1957-e          2007--c
                   1958f           2008-------B
                   1959---b        2009--c
                   1960---------D  2010-------C
                   1961-------B    2011----------F
                   1962----------F 2012-d
                   1963---------E  2013-----A
                   1964---------D  2014--------C
                   1965---------D  2015----@
                   1966----@
                   1967-----@
                   1968---------D
                   1969------B
                   1970-----A
                   1971------A
                   1972---b
                   1973f
                   1974---b
                   1975m
                   1976i
                   1977f
                   1978-----A
                   1979-----A
                   1980---------D
                   1981----------G
                   1982-------B
                   1983----@
                   1984------B
                   1985----a
                   1986-------C
                   1987------A
   1938----------F 1988g
   1939----------G 1989---a
   1940-e          1990---------E
   1941--d         1991------B
   1942--------C   1992-------C
   1943------B     1993---------D
   1944--d         1994----a
   1945---------D  1995-------C
   1946---------E  1996-----@
   1947-------B    1997-d
   1948---a        1998--------C
   1949---------D  1999-d
PART 5:  CORRELATION OF SERIES BY SEGMENTS: UNI                                                    16:09  Thu 08 Dec 2016  Page   5
------------------------------------------------------------------------------------------------------------------------------------
 Correlations of  50-year dated segments, lagged  25 years
 Flags:  A = correlation under   .3281 but highest as dated;  B = correlation higher at other than dated position

 Seq Series  Time_span   1925 1950 1975
                         1974 1999 2024
 --- -------- ---------  ---- ---- ---- ---- ---- ---- ---- ---- ---- ---- ---- ---- ---- ---- ---- ---- ---- ---- ---- ----
   1 UNI110   1938 2015   .77  .78  .71
   2 UNI111   1939 2015  -.04B-.23B-.20B
   3 UNI210   1938 2015   .75  .67  .48
   4 UNI211   1942 2015   .77  .78  .72
   5 UNI310   1952 2015        .65  .66
   6 UNI311   1954 2015        .67  .58
   7 UNI411   1943 2015   .74  .73  .74
   8 UNI510   1940 2015   .46  .58  .49
   9 UNI511   1944 2015   .69  .66  .63
  10 UNI512   1983 2015             .39
 Av segment correlation   .59  .59  .52
PART 6:  POTENTIAL PROBLEMS: UNI                                                                   16:09  Thu 08 Dec 2016  Page   5
------------------------------------------------------------------------------------------------------------------------------------

 For each series with potential problems the following diagnostics may appear:

 [A] Correlations with master dating series of flagged  50-year segments of series filtered with  32-year spline,
     at every point from ten years earlier (-10) to ten years later (+10) than dated

 [B] Effect of those data values which most lower or raise correlation with master series
     Symbol following year indicates value in series is greater (>) or lesser (<) than master series value

 [C] Year-to-year changes very different from the mean change in other series

 [D] Absent rings (zero values)

 [E] Values which are statistical outliers from mean for the year
====================================================================================================================================

 UNI110    1938 to  2015      78 years                                                                                    Series   1

 [B] Entire series, effect on correlation (  .708) is:
       Lower   1996< -.020   2012> -.016   1941< -.012   1991< -.011   1969> -.009   2007> -.008  Higher   1975  .044   2006  .016

====================================================================================================================================

 UNI111    1939 to  2015      77 years                                                                                    Series   2

 [A] Segment   High   -10   -9   -8   -7   -6   -5   -4   -3   -2   -1   +0   +1   +2   +3   +4   +5   +6   +7   +8   +9  +10
    ---------  ----   ---  ---  ---  ---  ---  ---  ---  ---  ---  ---  ---  ---  ---  ---  ---  ---  ---  ---  ---  ---  ---
    1939 1988   10      -    -    -    -    -    -    -    -    -  .07 -.04| .01 -.07 -.17 -.01 -.11  .14  .22  .06  .01  .24*
    1950 1999   10   -.11 -.13  .00  .14 -.07  .03  .10 -.12 -.04  .01 -.23| .05  .01 -.22  .15 -.09  .07  .26  .05  .05  .27*
    1966 2015   -4   -.24 -.09 -.05  .09 -.05 -.01  .10*-.10  .00  .06 -.20|   -    -    -    -    -    -    -    -    -    -

 [B] Entire series, effect on correlation ( -.119) is:
       Lower   1995< -.036   2012> -.034   1965< -.033   2009> -.020   1947< -.016   1985> -.015  Higher   2006  .042   1940  .024
     1939 to 1988 segment:
       Lower   1965< -.070   1947< -.036   1985> -.026   1973> -.021   1972> -.019   1981< -.019  Higher   1940  .042   1988  .034
     1950 to 1999 segment:
       Lower   1995< -.048   1965< -.046   1985> -.021   1993< -.020   1973> -.019   1972> -.017  Higher   1988  .036   1960  .027
     1966 to 2015 segment:
       Lower   1995< -.049   2012> -.045   2009> -.027   2008< -.021   1993< -.020   1985> -.018  Higher   2006  .068   1988  .032

 [E] Outliers     3   3.0 SD above or -4.5 SD below mean for year
       1973 +3.4 SD;    1975 +3.1 SD;    1985 +3.2 SD
====================================================================================================================================

 UNI210    1938 to  2015      78 years                                                                                    Series   3

 [B] Entire series, effect on correlation (  .564) is:
       Lower   2000> -.032   2011< -.024   2006> -.021   1999> -.017   2001< -.015   1994> -.013  Higher   2012  .032   1975  .031

 [E] Outliers     2   3.0 SD above or -4.5 SD below mean for year
       2000 +3.1 SD;    2012 -5.0 SD
====================================================================================================================================

 UNI211    1942 to  2015      74 years                                                                                    Series   4

 [B] Entire series, effect on correlation (  .718) is:
       Lower   2011< -.034   1992< -.019   2009> -.013   1942> -.013   1957> -.010   1977> -.007  Higher   1975  .044   2012  .019

====================================================================================================================================

 UNI310    1952 to  2015      64 years                                                                                    Series   5

 [B] Entire series, effect on correlation (  .608) is:
       Lower   2006> -.029   1990< -.025   1960< -.022   1952> -.020   2015> -.011   1953> -.011  Higher   1975  .049   1988  .020

====================================================================================================================================

 UNI311    1954 to  2015      62 years                                                                                    Series   6

 [B] Entire series, effect on correlation (  .547) is:
       Lower   2006> -.059   1954> -.029   1996> -.020   1960< -.018   2015> -.016   1987< -.016  Higher   1975  .077   1988  .031

====================================================================================================================================

 UNI411    1943 to  2015      73 years                                                                                    Series   7

 [B] Entire series, effect on correlation (  .749) is:
       Lower   1967< -.017   1968< -.016   2002< -.015   1958> -.012   2000> -.012   1983> -.006  Higher   1988  .013   2012  .012

====================================================================================================================================

 UNI510    1940 to  2015      76 years                                                                                    Series   8

 [B] Entire series, effect on correlation (  .446) is:
       Lower   1941> -.050   1942< -.039   2012> -.037   1985< -.026   1988> -.025   2008< -.021  Higher   1975  .053   2006  .035

 [C] Year-to-year changes diverging by over 4.0 std deviations:
       1941 1942  -4.2 SD

 [E] Outliers     1   3.0 SD above or -4.5 SD below mean for year
       1941 +4.0 SD
====================================================================================================================================

 UNI511    1944 to  2015      72 years                                                                                    Series   9

 [B] Entire series, effect on correlation (  .641) is:
       Lower   2015< -.026   1988> -.014   1948> -.014   1994< -.012   1946< -.011   1961< -.009  Higher   2012  .027   1981  .013

====================================================================================================================================

 UNI512    1983 to  2015      33 years                                                                                    Series  10

 [B] Entire series, effect on correlation (  .391) is:
       Lower   1983< -.086   2000< -.069   2004< -.021   1997> -.018   2012> -.017   1996> -.014  Higher   2006  .046   2011  .038

====================================================================================================================================
PART 7:  DESCRIPTIVE STATISTICS: UNI                                                               16:09  Thu 08 Dec 2016  Page   6
------------------------------------------------------------------------------------------------------------------------------------

                                                Corr   //-------- Unfiltered --------\\  //---- Filtered -----\\
                           No.    No.    No.    with   Mean   Max     Std   Auto   Mean   Max     Std   Auto  AR
 Seq Series   Interval   Years  Segmt  Flags   Master  msmt   msmt    dev   corr   sens  value    dev   corr  ()
 --- -------- ---------  -----  -----  -----   ------ -----  -----  -----  -----  -----  -----  -----  -----  --
   1 UNI110   1938 2015     78      3      0    .708   2.95   6.49  1.531   .665   .380   2.71   .554   .050   1
   2 UNI111   1939 2015     77      3      3   -.119   2.75   6.95  1.138   .726   .245   2.76   .601  -.005   2
   3 UNI210   1938 2015     78      3      0    .564   3.27   7.32  1.638   .635   .347   2.62   .451   .083   1
   4 UNI211   1942 2015     74      3      0    .718   3.16   6.50  1.312   .587   .315   2.78   .590   .031   1
   5 UNI310   1952 2015     64      2      0    .608   3.55   8.86  1.584   .716   .268   2.71   .393  -.039   1
   6 UNI311   1954 2015     62      2      0    .547   3.21   8.18  1.327   .698   .246   2.74   .554  -.064   1
   7 UNI411   1943 2015     73      3      0    .749   3.15   5.67  1.423   .794   .271   2.65   .467  -.070   1
   8 UNI510   1940 2015     76      3      0    .446   2.40   8.41  1.199   .684   .237   2.90   .600  -.008   1
   9 UNI511   1944 2015     72      3      0    .641   2.59   4.45   .979   .725   .227   3.00   .561  -.033   1
  10 UNI512   1983 2015     33      1      0    .391   4.66   7.57  1.028   .352   .195   2.79   .617  -.002   1
 --- -------- ---------  -----  -----  -----   ------ -----  -----  -----  -----  -----  -----  -----  -----  --
 Total or mean:            687     26      3    .529   3.07   8.86  1.332   .675   .279   3.00   .536  -.003

                                              - = [  COFECHA UNI  COF  ] = -
